{"/Users/conorhastings/dev/react-syntax-highlighter/src/async-syntax-highlighter.js": {"path":"/Users/conorhastings/dev/react-syntax-highlighter/src/async-syntax-highlighter.js","statementMap":{"0":{"start":{"line":11,"column":6},"end":{"line":11,"column":13}},"1":{"start":{"line":14,"column":26},"end":{"line":14,"column":30}},"2":{"start":{"line":15,"column":31},"end":{"line":15,"column":50}},"3":{"start":{"line":16,"column":33},"end":{"line":16,"column":37}},"4":{"start":{"line":17,"column":23},"end":{"line":17,"column":32}},"5":{"start":{"line":19,"column":6},"end":{"line":19,"column":70}},"6":{"start":{"line":22,"column":6},"end":{"line":22,"column":54}},"7":{"start":{"line":26,"column":29},"end":{"line":26,"column":54}},"8":{"start":{"line":28,"column":6},"end":{"line":32,"column":7}},"9":{"start":{"line":29,"column":8},"end":{"line":29,"column":70}},"10":{"start":{"line":31,"column":8},"end":{"line":31,"column":62}},"11":{"start":{"line":36,"column":6},"end":{"line":39,"column":8}},"12":{"start":{"line":42,"column":26},"end":{"line":59,"column":5}},"13":{"start":{"line":43,"column":6},"end":{"line":45,"column":7}},"14":{"start":{"line":44,"column":8},"end":{"line":44,"column":20}},"15":{"start":{"line":47,"column":6},"end":{"line":51,"column":7}},"16":{"start":{"line":48,"column":8},"end":{"line":50,"column":10}},"17":{"start":{"line":53,"column":6},"end":{"line":56,"column":7}},"18":{"start":{"line":55,"column":8},"end":{"line":55,"column":61}},"19":{"start":{"line":58,"column":6},"end":{"line":58,"column":80}},"20":{"start":{"line":61,"column":30},"end":{"line":77,"column":5}},"21":{"start":{"line":62,"column":6},"end":{"line":66,"column":7}},"22":{"start":{"line":63,"column":8},"end":{"line":65,"column":10}},"23":{"start":{"line":68,"column":6},"end":{"line":76,"column":7}},"24":{"start":{"line":69,"column":8},"end":{"line":73,"column":10}},"25":{"start":{"line":75,"column":8},"end":{"line":75,"column":60}},"26":{"start":{"line":80,"column":6},"end":{"line":90,"column":8}},"27":{"start":{"line":82,"column":10},"end":{"line":82,"column":60}},"28":{"start":{"line":84,"column":10},"end":{"line":88,"column":11}},"29":{"start":{"line":85,"column":12},"end":{"line":87,"column":14}},"30":{"start":{"line":86,"column":14},"end":{"line":86,"column":60}},"31":{"start":{"line":92,"column":6},"end":{"line":92,"column":55}},"32":{"start":{"line":96,"column":6},"end":{"line":101,"column":7}},"33":{"start":{"line":100,"column":8},"end":{"line":100,"column":28}},"34":{"start":{"line":105,"column":6},"end":{"line":107,"column":7}},"35":{"start":{"line":106,"column":8},"end":{"line":106,"column":49}},"36":{"start":{"line":109,"column":6},"end":{"line":113,"column":7}},"37":{"start":{"line":110,"column":8},"end":{"line":112,"column":11}},"38":{"start":{"line":111,"column":10},"end":{"line":111,"column":29}},"39":{"start":{"line":115,"column":6},"end":{"line":120,"column":7}},"40":{"start":{"line":119,"column":8},"end":{"line":119,"column":28}},"41":{"start":{"line":124,"column":27},"end":{"line":124,"column":37}},"42":{"start":{"line":126,"column":6},"end":{"line":128,"column":7}},"43":{"start":{"line":127,"column":8},"end":{"line":127,"column":15}},"44":{"start":{"line":130,"column":6},"end":{"line":136,"column":11}},"45":{"start":{"line":132,"column":10},"end":{"line":132,"column":36}},"46":{"start":{"line":135,"column":10},"end":{"line":135,"column":17}},"47":{"start":{"line":140,"column":6},"end":{"line":142,"column":17}},"48":{"start":{"line":146,"column":6},"end":{"line":152,"column":8}},"49":{"start":{"line":156,"column":2},"end":{"line":156,"column":31}}},"fnMap":{"0":{"name":"(anonymous_0)","decl":{"start":{"line":4,"column":15},"end":{"line":4,"column":16}},"loc":{"start":{"line":4,"column":26},"end":{"line":157,"column":1}},"line":4},"1":{"name":"(anonymous_1)","decl":{"start":{"line":21,"column":4},"end":{"line":21,"column":5}},"loc":{"start":{"line":21,"column":21},"end":{"line":23,"column":5}},"line":21},"2":{"name":"(anonymous_2)","decl":{"start":{"line":25,"column":4},"end":{"line":25,"column":5}},"loc":{"start":{"line":25,"column":40},"end":{"line":33,"column":5}},"line":25},"3":{"name":"(anonymous_3)","decl":{"start":{"line":35,"column":4},"end":{"line":35,"column":5}},"loc":{"start":{"line":35,"column":41},"end":{"line":40,"column":5}},"line":35},"4":{"name":"(anonymous_4)","decl":{"start":{"line":42,"column":26},"end":{"line":42,"column":27}},"loc":{"start":{"line":42,"column":38},"end":{"line":59,"column":5}},"line":42},"5":{"name":"(anonymous_5)","decl":{"start":{"line":61,"column":30},"end":{"line":61,"column":31}},"loc":{"start":{"line":61,"column":50},"end":{"line":77,"column":5}},"line":61},"6":{"name":"(anonymous_6)","decl":{"start":{"line":79,"column":4},"end":{"line":79,"column":5}},"loc":{"start":{"line":79,"column":30},"end":{"line":93,"column":5}},"line":79},"7":{"name":"(anonymous_7)","decl":{"start":{"line":81,"column":8},"end":{"line":81,"column":9}},"loc":{"start":{"line":81,"column":24},"end":{"line":89,"column":9}},"line":81},"8":{"name":"(anonymous_8)","decl":{"start":{"line":85,"column":52},"end":{"line":85,"column":53}},"loc":{"start":{"line":86,"column":14},"end":{"line":86,"column":60}},"line":86},"9":{"name":"(anonymous_9)","decl":{"start":{"line":95,"column":4},"end":{"line":95,"column":5}},"loc":{"start":{"line":95,"column":25},"end":{"line":102,"column":5}},"line":95},"10":{"name":"(anonymous_10)","decl":{"start":{"line":104,"column":4},"end":{"line":104,"column":5}},"loc":{"start":{"line":104,"column":24},"end":{"line":121,"column":5}},"line":104},"11":{"name":"(anonymous_11)","decl":{"start":{"line":110,"column":55},"end":{"line":110,"column":56}},"loc":{"start":{"line":110,"column":61},"end":{"line":112,"column":9}},"line":110},"12":{"name":"(anonymous_12)","decl":{"start":{"line":123,"column":4},"end":{"line":123,"column":5}},"loc":{"start":{"line":123,"column":19},"end":{"line":137,"column":5}},"line":123},"13":{"name":"(anonymous_13)","decl":{"start":{"line":131,"column":14},"end":{"line":131,"column":15}},"loc":{"start":{"line":131,"column":20},"end":{"line":133,"column":9}},"line":131},"14":{"name":"(anonymous_14)","decl":{"start":{"line":134,"column":15},"end":{"line":134,"column":16}},"loc":{"start":{"line":134,"column":24},"end":{"line":136,"column":9}},"line":134},"15":{"name":"(anonymous_15)","decl":{"start":{"line":139,"column":4},"end":{"line":139,"column":5}},"loc":{"start":{"line":139,"column":32},"end":{"line":143,"column":5}},"line":139},"16":{"name":"(anonymous_16)","decl":{"start":{"line":145,"column":4},"end":{"line":145,"column":5}},"loc":{"start":{"line":145,"column":13},"end":{"line":153,"column":5}},"line":145}},"branchMap":{"0":{"loc":{"start":{"line":19,"column":6},"end":{"line":19,"column":70}},"type":"binary-expr","locations":[{"start":{"line":19,"column":6},"end":{"line":19,"column":32}},{"start":{"line":19,"column":36},"end":{"line":19,"column":70}}],"line":19},"1":{"loc":{"start":{"line":19,"column":48},"end":{"line":19,"column":69}},"type":"binary-expr","locations":[{"start":{"line":19,"column":48},"end":{"line":19,"column":63}},{"start":{"line":19,"column":67},"end":{"line":19,"column":69}}],"line":19},"2":{"loc":{"start":{"line":28,"column":6},"end":{"line":32,"column":7}},"type":"if","locations":[{"start":{"line":28,"column":6},"end":{"line":32,"column":7}},{"start":{"line":28,"column":6},"end":{"line":32,"column":7}}],"line":28},"3":{"loc":{"start":{"line":37,"column":8},"end":{"line":38,"column":55}},"type":"binary-expr","locations":[{"start":{"line":37,"column":8},"end":{"line":37,"column":52}},{"start":{"line":38,"column":8},"end":{"line":38,"column":55}}],"line":37},"4":{"loc":{"start":{"line":43,"column":6},"end":{"line":45,"column":7}},"type":"if","locations":[{"start":{"line":43,"column":6},"end":{"line":45,"column":7}},{"start":{"line":43,"column":6},"end":{"line":45,"column":7}}],"line":43},"5":{"loc":{"start":{"line":47,"column":6},"end":{"line":51,"column":7}},"type":"if","locations":[{"start":{"line":47,"column":6},"end":{"line":51,"column":7}},{"start":{"line":47,"column":6},"end":{"line":51,"column":7}}],"line":47},"6":{"loc":{"start":{"line":53,"column":6},"end":{"line":56,"column":7}},"type":"if","locations":[{"start":{"line":53,"column":6},"end":{"line":56,"column":7}},{"start":{"line":53,"column":6},"end":{"line":56,"column":7}}],"line":53},"7":{"loc":{"start":{"line":62,"column":6},"end":{"line":66,"column":7}},"type":"if","locations":[{"start":{"line":62,"column":6},"end":{"line":66,"column":7}},{"start":{"line":62,"column":6},"end":{"line":66,"column":7}}],"line":62},"8":{"loc":{"start":{"line":68,"column":6},"end":{"line":76,"column":7}},"type":"if","locations":[{"start":{"line":68,"column":6},"end":{"line":76,"column":7}},{"start":{"line":68,"column":6},"end":{"line":76,"column":7}}],"line":68},"9":{"loc":{"start":{"line":84,"column":10},"end":{"line":88,"column":11}},"type":"if","locations":[{"start":{"line":84,"column":10},"end":{"line":88,"column":11}},{"start":{"line":84,"column":10},"end":{"line":88,"column":11}}],"line":84},"10":{"loc":{"start":{"line":96,"column":6},"end":{"line":101,"column":7}},"type":"if","locations":[{"start":{"line":96,"column":6},"end":{"line":101,"column":7}},{"start":{"line":96,"column":6},"end":{"line":101,"column":7}}],"line":96},"11":{"loc":{"start":{"line":97,"column":8},"end":{"line":98,"column":23}},"type":"binary-expr","locations":[{"start":{"line":97,"column":8},"end":{"line":97,"column":64}},{"start":{"line":98,"column":8},"end":{"line":98,"column":23}}],"line":97},"12":{"loc":{"start":{"line":105,"column":6},"end":{"line":107,"column":7}},"type":"if","locations":[{"start":{"line":105,"column":6},"end":{"line":107,"column":7}},{"start":{"line":105,"column":6},"end":{"line":107,"column":7}}],"line":105},"13":{"loc":{"start":{"line":109,"column":6},"end":{"line":113,"column":7}},"type":"if","locations":[{"start":{"line":109,"column":6},"end":{"line":113,"column":7}},{"start":{"line":109,"column":6},"end":{"line":113,"column":7}}],"line":109},"14":{"loc":{"start":{"line":115,"column":6},"end":{"line":120,"column":7}},"type":"if","locations":[{"start":{"line":115,"column":6},"end":{"line":120,"column":7}},{"start":{"line":115,"column":6},"end":{"line":120,"column":7}}],"line":115},"15":{"loc":{"start":{"line":116,"column":8},"end":{"line":117,"column":23}},"type":"binary-expr","locations":[{"start":{"line":116,"column":8},"end":{"line":116,"column":64}},{"start":{"line":117,"column":8},"end":{"line":117,"column":23}}],"line":116},"16":{"loc":{"start":{"line":126,"column":6},"end":{"line":128,"column":7}},"type":"if","locations":[{"start":{"line":126,"column":6},"end":{"line":128,"column":7}},{"start":{"line":126,"column":6},"end":{"line":128,"column":7}}],"line":126},"17":{"loc":{"start":{"line":140,"column":13},"end":{"line":142,"column":16}},"type":"cond-expr","locations":[{"start":{"line":141,"column":10},"end":{"line":141,"column":18}},{"start":{"line":142,"column":10},"end":{"line":142,"column":16}}],"line":140}},"s":{"0":52,"1":52,"2":52,"3":52,"4":52,"5":52,"6":6,"7":7,"8":7,"9":5,"10":2,"11":18,"12":52,"13":39,"14":8,"15":31,"16":1,"17":30,"18":4,"19":26,"20":52,"21":8,"22":1,"23":7,"24":5,"25":2,"26":11,"27":10,"28":10,"29":7,"30":3,"31":11,"32":7,"33":0,"34":11,"35":2,"36":11,"37":2,"38":2,"39":11,"40":7,"41":7,"42":7,"43":0,"44":7,"45":5,"46":2,"47":18,"48":18,"49":52},"f":{"0":52,"1":6,"2":7,"3":18,"4":39,"5":8,"6":11,"7":10,"8":3,"9":7,"10":11,"11":2,"12":7,"13":5,"14":2,"15":18,"16":18},"b":{"0":[52,38],"1":[38,9],"2":[5,2],"3":[18,7],"4":[8,31],"5":[1,30],"6":[4,26],"7":[1,7],"8":[5,2],"9":[7,3],"10":[0,7],"11":[7,0],"12":[2,9],"13":[2,9],"14":[7,4],"15":[11,7],"16":[0,7],"17":[16,2]},"_coverageSchema":"1a1c01bbd47fc00a2c39e90264f33305004495a9","hash":"a65f0fa447c8cdaac5e5fe0e6ac8b73b804ff902"}
,"/Users/conorhastings/dev/react-syntax-highlighter/src/create-element.js": {"path":"/Users/conorhastings/dev/react-syntax-highlighter/src/create-element.js","statementMap":{"0":{"start":{"line":4,"column":2},"end":{"line":6,"column":19}},"1":{"start":{"line":5,"column":4},"end":{"line":5,"column":56}},"2":{"start":{"line":10,"column":2},"end":{"line":10,"column":30}},"3":{"start":{"line":14,"column":22},"end":{"line":14,"column":23}},"4":{"start":{"line":15,"column":2},"end":{"line":25,"column":4}},"5":{"start":{"line":16,"column":4},"end":{"line":16,"column":23}},"6":{"start":{"line":17,"column":4},"end":{"line":24,"column":6}},"7":{"start":{"line":18,"column":6},"end":{"line":23,"column":8}},"8":{"start":{"line":35,"column":56},"end":{"line":35,"column":60}},"9":{"start":{"line":36,"column":2},"end":{"line":68,"column":3}},"10":{"start":{"line":37,"column":4},"end":{"line":37,"column":17}},"11":{"start":{"line":38,"column":9},"end":{"line":68,"column":3}},"12":{"start":{"line":39,"column":28},"end":{"line":39,"column":71}},"13":{"start":{"line":41,"column":6},"end":{"line":43,"column":70}},"14":{"start":{"line":43,"column":47},"end":{"line":43,"column":69}},"15":{"start":{"line":45,"column":6},"end":{"line":47,"column":19}},"16":{"start":{"line":48,"column":18},"end":{"line":61,"column":9}},"17":{"start":{"line":62,"column":21},"end":{"line":62,"column":51}},"18":{"start":{"line":63,"column":4},"end":{"line":67,"column":6}}},"fnMap":{"0":{"name":"createStyleObject","decl":{"start":{"line":3,"column":16},"end":{"line":3,"column":33}},"loc":{"start":{"line":3,"column":77},"end":{"line":7,"column":1}},"line":3},"1":{"name":"(anonymous_1)","decl":{"start":{"line":4,"column":27},"end":{"line":4,"column":28}},"loc":{"start":{"line":4,"column":55},"end":{"line":6,"column":3}},"line":4},"2":{"name":"createClassNameString","decl":{"start":{"line":9,"column":16},"end":{"line":9,"column":37}},"loc":{"start":{"line":9,"column":50},"end":{"line":11,"column":1}},"line":9},"3":{"name":"createChildren","decl":{"start":{"line":13,"column":16},"end":{"line":13,"column":30}},"loc":{"start":{"line":13,"column":60},"end":{"line":26,"column":1}},"line":13},"4":{"name":"(anonymous_4)","decl":{"start":{"line":15,"column":9},"end":{"line":15,"column":10}},"loc":{"start":{"line":15,"column":21},"end":{"line":25,"column":3}},"line":15},"5":{"name":"(anonymous_5)","decl":{"start":{"line":17,"column":24},"end":{"line":17,"column":25}},"loc":{"start":{"line":18,"column":6},"end":{"line":23,"column":8}},"line":18},"6":{"name":"createElement","decl":{"start":{"line":28,"column":24},"end":{"line":28,"column":37}},"loc":{"start":{"line":34,"column":3},"end":{"line":69,"column":1}},"line":34},"7":{"name":"(anonymous_7)","decl":{"start":{"line":43,"column":34},"end":{"line":43,"column":35}},"loc":{"start":{"line":43,"column":47},"end":{"line":43,"column":69}},"line":43}},"branchMap":{"0":{"loc":{"start":{"line":3,"column":46},"end":{"line":3,"column":63}},"type":"default-arg","locations":[{"start":{"line":3,"column":61},"end":{"line":3,"column":63}}],"line":3},"1":{"loc":{"start":{"line":31,"column":2},"end":{"line":31,"column":12}},"type":"default-arg","locations":[{"start":{"line":31,"column":10},"end":{"line":31,"column":12}}],"line":31},"2":{"loc":{"start":{"line":36,"column":2},"end":{"line":68,"column":3}},"type":"if","locations":[{"start":{"line":36,"column":2},"end":{"line":68,"column":3}},{"start":{"line":36,"column":2},"end":{"line":68,"column":3}}],"line":36},"3":{"loc":{"start":{"line":38,"column":9},"end":{"line":68,"column":3}},"type":"if","locations":[{"start":{"line":38,"column":9},"end":{"line":68,"column":3}},{"start":{"line":38,"column":9},"end":{"line":68,"column":3}}],"line":38},"4":{"loc":{"start":{"line":41,"column":6},"end":{"line":43,"column":70}},"type":"binary-expr","locations":[{"start":{"line":41,"column":6},"end":{"line":41,"column":21}},{"start":{"line":42,"column":6},"end":{"line":42,"column":26}},{"start":{"line":43,"column":6},"end":{"line":43,"column":70}}],"line":41},"5":{"loc":{"start":{"line":45,"column":6},"end":{"line":47,"column":19}},"type":"cond-expr","locations":[{"start":{"line":46,"column":10},"end":{"line":46,"column":33}},{"start":{"line":47,"column":10},"end":{"line":47,"column":19}}],"line":45},"6":{"loc":{"start":{"line":45,"column":6},"end":{"line":45,"column":63}},"type":"binary-expr","locations":[{"start":{"line":45,"column":6},"end":{"line":45,"column":29}},{"start":{"line":45,"column":33},"end":{"line":45,"column":63}}],"line":45},"7":{"loc":{"start":{"line":48,"column":18},"end":{"line":61,"column":9}},"type":"cond-expr","locations":[{"start":{"line":49,"column":8},"end":{"line":57,"column":9}},{"start":{"line":58,"column":8},"end":{"line":61,"column":9}}],"line":48},"8":{"loc":{"start":{"line":51,"column":26},"end":{"line":51,"column":71}},"type":"binary-expr","locations":[{"start":{"line":51,"column":26},"end":{"line":51,"column":35}},{"start":{"line":51,"column":39},"end":{"line":51,"column":71}}],"line":51}},"s":{"0":2126,"1":1836,"2":941,"3":2180,"4":2180,"5":2180,"6":2180,"7":2381,"8":4566,"9":4566,"10":2386,"11":2180,"12":2180,"13":2180,"14":1836,"15":2180,"16":2180,"17":2180,"18":2180},"f":{"0":2126,"1":1836,"2":941,"3":2180,"4":2180,"5":2381,"6":4566,"7":1836},"b":{"0":[0],"1":[4566],"2":[2386,2180],"3":[2180,0],"4":[2180,2126,2126],"5":[887,1293],"6":[2180,2126],"7":[2126,54],"8":[2126,887]},"_coverageSchema":"1a1c01bbd47fc00a2c39e90264f33305004495a9","hash":"f34e4925d4c43f3c418e2bd3e84d907441b7f116"}
,"/Users/conorhastings/dev/react-syntax-highlighter/src/default-highlight.js": {"path":"/Users/conorhastings/dev/react-syntax-highlighter/src/default-highlight.js","statementMap":{"0":{"start":{"line":6,"column":20},"end":{"line":6,"column":53}},"1":{"start":{"line":7,"column":0},"end":{"line":7,"column":52}}},"fnMap":{},"branchMap":{},"s":{"0":13,"1":13},"f":{},"b":{},"_coverageSchema":"1a1c01bbd47fc00a2c39e90264f33305004495a9","hash":"1ea4e4d2ba9e9d085750a2467c4ac00326c8d956"}
,"/Users/conorhastings/dev/react-syntax-highlighter/src/highlight.js": {"path":"/Users/conorhastings/dev/react-syntax-highlighter/src/highlight.js","statementMap":{"0":{"start":{"line":4,"column":21},"end":{"line":4,"column":26}},"1":{"start":{"line":6,"column":2},"end":{"line":6,"column":33}},"2":{"start":{"line":10,"column":2},"end":{"line":21,"column":5}},"3":{"start":{"line":11,"column":19},"end":{"line":11,"column":41}},"4":{"start":{"line":12,"column":4},"end":{"line":20,"column":6}},"5":{"start":{"line":31,"column":2},"end":{"line":39,"column":4}},"6":{"start":{"line":43,"column":14},"end":{"line":43,"column":35}},"7":{"start":{"line":44,"column":2},"end":{"line":44,"column":20}},"8":{"start":{"line":48,"column":2},"end":{"line":66,"column":4}},"9":{"start":{"line":71,"column":33},"end":{"line":77,"column":3}},"10":{"start":{"line":80,"column":4},"end":{"line":82,"column":23}},"11":{"start":{"line":84,"column":25},"end":{"line":87,"column":3}},"12":{"start":{"line":88,"column":2},"end":{"line":88,"column":24}},"13":{"start":{"line":101,"column":4},"end":{"line":101,"column":79}},"14":{"start":{"line":102,"column":2},"end":{"line":104,"column":16}},"15":{"start":{"line":106,"column":2},"end":{"line":112,"column":3}},"16":{"start":{"line":107,"column":34},"end":{"line":110,"column":5}},"17":{"start":{"line":111,"column":4},"end":{"line":111,"column":77}},"18":{"start":{"line":114,"column":2},"end":{"line":119,"column":4}},"19":{"start":{"line":123,"column":2},"end":{"line":136,"column":3}},"20":{"start":{"line":123,"column":15},"end":{"line":123,"column":16}},"21":{"start":{"line":124,"column":17},"end":{"line":124,"column":24}},"22":{"start":{"line":125,"column":4},"end":{"line":135,"column":5}},"23":{"start":{"line":126,"column":6},"end":{"line":131,"column":8}},"24":{"start":{"line":132,"column":11},"end":{"line":135,"column":5}},"25":{"start":{"line":133,"column":25},"end":{"line":133,"column":68}},"26":{"start":{"line":134,"column":6},"end":{"line":134,"column":75}},"27":{"start":{"line":137,"column":2},"end":{"line":137,"column":17}},"28":{"start":{"line":150,"column":15},"end":{"line":150,"column":46}},"29":{"start":{"line":151,"column":18},"end":{"line":151,"column":20}},"30":{"start":{"line":152,"column":27},"end":{"line":152,"column":29}},"31":{"start":{"line":153,"column":14},"end":{"line":153,"column":15}},"32":{"start":{"line":156,"column":4},"end":{"line":164,"column":7}},"33":{"start":{"line":168,"column":4},"end":{"line":174,"column":5}},"34":{"start":{"line":169,"column":36},"end":{"line":172,"column":7}},"35":{"start":{"line":173,"column":6},"end":{"line":173,"column":79}},"36":{"start":{"line":175,"column":4},"end":{"line":175,"column":20}},"37":{"start":{"line":179,"column":4},"end":{"line":181,"column":50}},"38":{"start":{"line":184,"column":2},"end":{"line":245,"column":3}},"39":{"start":{"line":185,"column":17},"end":{"line":185,"column":28}},"40":{"start":{"line":186,"column":18},"end":{"line":186,"column":40}},"41":{"start":{"line":187,"column":21},"end":{"line":187,"column":39}},"42":{"start":{"line":189,"column":4},"end":{"line":243,"column":5}},"43":{"start":{"line":190,"column":25},"end":{"line":190,"column":42}},"44":{"start":{"line":191,"column":6},"end":{"line":241,"column":9}},"45":{"start":{"line":193,"column":10},"end":{"line":193,"column":64}},"46":{"start":{"line":194,"column":25},"end":{"line":194,"column":61}},"47":{"start":{"line":197,"column":8},"end":{"line":240,"column":9}},"48":{"start":{"line":198,"column":27},"end":{"line":203,"column":11}},"49":{"start":{"line":205,"column":23},"end":{"line":205,"column":55}},"50":{"start":{"line":206,"column":10},"end":{"line":206,"column":29}},"51":{"start":{"line":209,"column":15},"end":{"line":240,"column":9}},"52":{"start":{"line":211,"column":12},"end":{"line":213,"column":39}},"53":{"start":{"line":214,"column":10},"end":{"line":229,"column":11}},"54":{"start":{"line":215,"column":43},"end":{"line":215,"column":77}},"55":{"start":{"line":216,"column":28},"end":{"line":219,"column":14}},"56":{"start":{"line":220,"column":12},"end":{"line":220,"column":47}},"57":{"start":{"line":222,"column":29},"end":{"line":222,"column":39}},"58":{"start":{"line":223,"column":25},"end":{"line":227,"column":13}},"59":{"start":{"line":228,"column":12},"end":{"line":228,"column":31}},"60":{"start":{"line":233,"column":27},"end":{"line":233,"column":37}},"61":{"start":{"line":234,"column":23},"end":{"line":238,"column":11}},"62":{"start":{"line":239,"column":10},"end":{"line":239,"column":29}},"63":{"start":{"line":242,"column":6},"end":{"line":242,"column":33}},"64":{"start":{"line":244,"column":4},"end":{"line":244,"column":12}},"65":{"start":{"line":247,"column":2},"end":{"line":254,"column":3}},"66":{"start":{"line":248,"column":21},"end":{"line":248,"column":68}},"67":{"start":{"line":249,"column":4},"end":{"line":253,"column":5}},"68":{"start":{"line":250,"column":25},"end":{"line":250,"column":60}},"69":{"start":{"line":251,"column":19},"end":{"line":251,"column":51}},"70":{"start":{"line":252,"column":6},"end":{"line":252,"column":25}},"71":{"start":{"line":256,"column":2},"end":{"line":256,"column":53}},"72":{"start":{"line":260,"column":2},"end":{"line":267,"column":4}},"73":{"start":{"line":261,"column":4},"end":{"line":266,"column":6}},"74":{"start":{"line":271,"column":2},"end":{"line":280,"column":3}},"75":{"start":{"line":272,"column":24},"end":{"line":272,"column":70}},"76":{"start":{"line":273,"column":4},"end":{"line":279,"column":5}},"77":{"start":{"line":274,"column":6},"end":{"line":274,"column":59}},"78":{"start":{"line":275,"column":11},"end":{"line":279,"column":5}},"79":{"start":{"line":276,"column":6},"end":{"line":276,"column":52}},"80":{"start":{"line":278,"column":6},"end":{"line":278,"column":46}},"81":{"start":{"line":281,"column":2},"end":{"line":287,"column":3}},"82":{"start":{"line":282,"column":4},"end":{"line":284,"column":36}},"83":{"start":{"line":286,"column":4},"end":{"line":286,"column":39}},"84":{"start":{"line":291,"column":2},"end":{"line":380,"column":4}},"85":{"start":{"line":312,"column":4},"end":{"line":312,"column":55}},"86":{"start":{"line":314,"column":27},"end":{"line":322,"column":12}},"87":{"start":{"line":324,"column":28},"end":{"line":325,"column":69}},"88":{"start":{"line":326,"column":21},"end":{"line":330,"column":54}},"89":{"start":{"line":332,"column":4},"end":{"line":339,"column":5}},"90":{"start":{"line":333,"column":6},"end":{"line":338,"column":8}},"91":{"start":{"line":345,"column":4},"end":{"line":345,"column":71}},"92":{"start":{"line":346,"column":4},"end":{"line":346,"column":43}},"93":{"start":{"line":347,"column":29},"end":{"line":347,"column":60}},"94":{"start":{"line":348,"column":21},"end":{"line":353,"column":6}},"95":{"start":{"line":354,"column":4},"end":{"line":356,"column":5}},"96":{"start":{"line":355,"column":6},"end":{"line":355,"column":40}},"97":{"start":{"line":359,"column":30},"end":{"line":359,"column":72}},"98":{"start":{"line":361,"column":17},"end":{"line":370,"column":5}},"99":{"start":{"line":372,"column":4},"end":{"line":379,"column":6}}},"fnMap":{"0":{"name":"getNewLines","decl":{"start":{"line":5,"column":9},"end":{"line":5,"column":20}},"loc":{"start":{"line":5,"column":26},"end":{"line":7,"column":1}},"line":5},"1":{"name":"getAllLineNumbers","decl":{"start":{"line":9,"column":9},"end":{"line":9,"column":26}},"loc":{"start":{"line":9,"column":65},"end":{"line":22,"column":1}},"line":9},"2":{"name":"(anonymous_2)","decl":{"start":{"line":10,"column":19},"end":{"line":10,"column":20}},"loc":{"start":{"line":10,"column":29},"end":{"line":21,"column":3}},"line":10},"3":{"name":"AllLineNumbers","decl":{"start":{"line":24,"column":9},"end":{"line":24,"column":23}},"loc":{"start":{"line":30,"column":3},"end":{"line":40,"column":1}},"line":30},"4":{"name":"getEmWidthOfNumber","decl":{"start":{"line":42,"column":9},"end":{"line":42,"column":27}},"loc":{"start":{"line":42,"column":33},"end":{"line":45,"column":1}},"line":42},"5":{"name":"getInlineLineNumber","decl":{"start":{"line":47,"column":9},"end":{"line":47,"column":28}},"loc":{"start":{"line":47,"column":64},"end":{"line":67,"column":1}},"line":47},"6":{"name":"assembleLineNumberStyles","decl":{"start":{"line":69,"column":9},"end":{"line":69,"column":33}},"loc":{"start":{"line":69,"column":70},"end":{"line":89,"column":1}},"line":69},"7":{"name":"createLineElement","decl":{"start":{"line":91,"column":9},"end":{"line":91,"column":26}},"loc":{"start":{"line":99,"column":3},"end":{"line":120,"column":1}},"line":99},"8":{"name":"flattenCodeTree","decl":{"start":{"line":122,"column":9},"end":{"line":122,"column":24}},"loc":{"start":{"line":122,"column":61},"end":{"line":138,"column":1}},"line":122},"9":{"name":"processLines","decl":{"start":{"line":140,"column":9},"end":{"line":140,"column":21}},"loc":{"start":{"line":149,"column":2},"end":{"line":257,"column":1}},"line":149},"10":{"name":"createWrappedLine","decl":{"start":{"line":155,"column":11},"end":{"line":155,"column":28}},"loc":{"start":{"line":155,"column":67},"end":{"line":165,"column":3}},"line":155},"11":{"name":"createUnwrappedLine","decl":{"start":{"line":167,"column":11},"end":{"line":167,"column":30}},"loc":{"start":{"line":167,"column":53},"end":{"line":176,"column":3}},"line":167},"12":{"name":"createLine","decl":{"start":{"line":178,"column":11},"end":{"line":178,"column":21}},"loc":{"start":{"line":178,"column":60},"end":{"line":182,"column":3}},"line":178},"13":{"name":"(anonymous_13)","decl":{"start":{"line":191,"column":25},"end":{"line":191,"column":26}},"loc":{"start":{"line":191,"column":38},"end":{"line":241,"column":7}},"line":191},"14":{"name":"defaultRenderer","decl":{"start":{"line":259,"column":9},"end":{"line":259,"column":24}},"loc":{"start":{"line":259,"column":64},"end":{"line":268,"column":1}},"line":259},"15":{"name":"(anonymous_15)","decl":{"start":{"line":260,"column":18},"end":{"line":260,"column":19}},"loc":{"start":{"line":261,"column":4},"end":{"line":266,"column":6}},"line":261},"16":{"name":"getCodeTree","decl":{"start":{"line":270,"column":9},"end":{"line":270,"column":20}},"loc":{"start":{"line":270,"column":73},"end":{"line":288,"column":1}},"line":270},"17":{"name":"(anonymous_17)","decl":{"start":{"line":290,"column":15},"end":{"line":290,"column":16}},"loc":{"start":{"line":290,"column":59},"end":{"line":381,"column":1}},"line":290},"18":{"name":"SyntaxHighlighter","decl":{"start":{"line":291,"column":18},"end":{"line":291,"column":35}},"loc":{"start":{"line":311,"column":5},"end":{"line":380,"column":3}},"line":311}},"branchMap":{"0":{"loc":{"start":{"line":16,"column":15},"end":{"line":16,"column":66}},"type":"cond-expr","locations":[{"start":{"line":16,"column":45},"end":{"line":16,"column":58}},{"start":{"line":16,"column":61},"end":{"line":16,"column":66}}],"line":16},"1":{"loc":{"start":{"line":27,"column":2},"end":{"line":27,"column":58}},"type":"default-arg","locations":[{"start":{"line":27,"column":19},"end":{"line":27,"column":58}}],"line":27},"2":{"loc":{"start":{"line":28,"column":2},"end":{"line":28,"column":18}},"type":"default-arg","locations":[{"start":{"line":28,"column":16},"end":{"line":28,"column":18}}],"line":28},"3":{"loc":{"start":{"line":80,"column":4},"end":{"line":82,"column":23}},"type":"cond-expr","locations":[{"start":{"line":81,"column":8},"end":{"line":81,"column":35}},{"start":{"line":82,"column":8},"end":{"line":82,"column":23}}],"line":80},"4":{"loc":{"start":{"line":98,"column":2},"end":{"line":98,"column":16}},"type":"default-arg","locations":[{"start":{"line":98,"column":14},"end":{"line":98,"column":16}}],"line":98},"5":{"loc":{"start":{"line":101,"column":4},"end":{"line":101,"column":79}},"type":"binary-expr","locations":[{"start":{"line":101,"column":5},"end":{"line":101,"column":72}},{"start":{"line":101,"column":77},"end":{"line":101,"column":79}}],"line":101},"6":{"loc":{"start":{"line":101,"column":5},"end":{"line":101,"column":72}},"type":"cond-expr","locations":[{"start":{"line":101,"column":39},"end":{"line":101,"column":60}},{"start":{"line":101,"column":63},"end":{"line":101,"column":72}}],"line":101},"7":{"loc":{"start":{"line":102,"column":25},"end":{"line":104,"column":15}},"type":"cond-expr","locations":[{"start":{"line":103,"column":6},"end":{"line":103,"column":44}},{"start":{"line":104,"column":6},"end":{"line":104,"column":15}}],"line":102},"8":{"loc":{"start":{"line":106,"column":2},"end":{"line":112,"column":3}},"type":"if","locations":[{"start":{"line":106,"column":2},"end":{"line":112,"column":3}},{"start":{"line":106,"column":2},"end":{"line":112,"column":3}}],"line":106},"9":{"loc":{"start":{"line":106,"column":6},"end":{"line":106,"column":41}},"type":"binary-expr","locations":[{"start":{"line":106,"column":6},"end":{"line":106,"column":16}},{"start":{"line":106,"column":20},"end":{"line":106,"column":41}}],"line":106},"10":{"loc":{"start":{"line":122,"column":31},"end":{"line":122,"column":45}},"type":"default-arg","locations":[{"start":{"line":122,"column":43},"end":{"line":122,"column":45}}],"line":122},"11":{"loc":{"start":{"line":122,"column":47},"end":{"line":122,"column":59}},"type":"default-arg","locations":[{"start":{"line":122,"column":57},"end":{"line":122,"column":59}}],"line":122},"12":{"loc":{"start":{"line":125,"column":4},"end":{"line":135,"column":5}},"type":"if","locations":[{"start":{"line":125,"column":4},"end":{"line":135,"column":5}},{"start":{"line":125,"column":4},"end":{"line":135,"column":5}}],"line":125},"13":{"loc":{"start":{"line":132,"column":11},"end":{"line":135,"column":5}},"type":"if","locations":[{"start":{"line":132,"column":11},"end":{"line":135,"column":5}},{"start":{"line":132,"column":11},"end":{"line":135,"column":5}}],"line":132},"14":{"loc":{"start":{"line":155,"column":51},"end":{"line":155,"column":65}},"type":"default-arg","locations":[{"start":{"line":155,"column":63},"end":{"line":155,"column":65}}],"line":155},"15":{"loc":{"start":{"line":168,"column":4},"end":{"line":174,"column":5}},"type":"if","locations":[{"start":{"line":168,"column":4},"end":{"line":174,"column":5}},{"start":{"line":168,"column":4},"end":{"line":174,"column":5}}],"line":168},"16":{"loc":{"start":{"line":168,"column":8},"end":{"line":168,"column":43}},"type":"binary-expr","locations":[{"start":{"line":168,"column":8},"end":{"line":168,"column":18}},{"start":{"line":168,"column":22},"end":{"line":168,"column":43}}],"line":168},"17":{"loc":{"start":{"line":178,"column":44},"end":{"line":178,"column":58}},"type":"default-arg","locations":[{"start":{"line":178,"column":56},"end":{"line":178,"column":58}}],"line":178},"18":{"loc":{"start":{"line":179,"column":11},"end":{"line":181,"column":49}},"type":"cond-expr","locations":[{"start":{"line":180,"column":8},"end":{"line":180,"column":58}},{"start":{"line":181,"column":8},"end":{"line":181,"column":49}}],"line":179},"19":{"loc":{"start":{"line":189,"column":4},"end":{"line":243,"column":5}},"type":"if","locations":[{"start":{"line":189,"column":4},"end":{"line":243,"column":5}},{"start":{"line":189,"column":4},"end":{"line":243,"column":5}}],"line":189},"20":{"loc":{"start":{"line":193,"column":10},"end":{"line":193,"column":64}},"type":"binary-expr","locations":[{"start":{"line":193,"column":10},"end":{"line":193,"column":25}},{"start":{"line":193,"column":29},"end":{"line":193,"column":64}}],"line":193},"21":{"loc":{"start":{"line":197,"column":8},"end":{"line":240,"column":9}},"type":"if","locations":[{"start":{"line":197,"column":8},"end":{"line":240,"column":9}},{"start":{"line":197,"column":8},"end":{"line":240,"column":9}}],"line":197},"22":{"loc":{"start":{"line":209,"column":15},"end":{"line":240,"column":9}},"type":"if","locations":[{"start":{"line":209,"column":15},"end":{"line":240,"column":9}},{"start":{"line":209,"column":15},"end":{"line":240,"column":9}}],"line":209},"23":{"loc":{"start":{"line":211,"column":12},"end":{"line":213,"column":39}},"type":"binary-expr","locations":[{"start":{"line":211,"column":12},"end":{"line":211,"column":27}},{"start":{"line":212,"column":12},"end":{"line":212,"column":36}},{"start":{"line":213,"column":12},"end":{"line":213,"column":39}}],"line":211},"24":{"loc":{"start":{"line":214,"column":10},"end":{"line":229,"column":11}},"type":"if","locations":[{"start":{"line":214,"column":10},"end":{"line":229,"column":11}},{"start":{"line":214,"column":10},"end":{"line":229,"column":11}}],"line":214},"25":{"loc":{"start":{"line":247,"column":2},"end":{"line":254,"column":3}},"type":"if","locations":[{"start":{"line":247,"column":2},"end":{"line":254,"column":3}},{"start":{"line":247,"column":2},"end":{"line":254,"column":3}}],"line":247},"26":{"loc":{"start":{"line":249,"column":4},"end":{"line":253,"column":5}},"type":"if","locations":[{"start":{"line":249,"column":4},"end":{"line":253,"column":5}},{"start":{"line":249,"column":4},"end":{"line":253,"column":5}}],"line":249},"27":{"loc":{"start":{"line":249,"column":8},"end":{"line":249,"column":35}},"type":"binary-expr","locations":[{"start":{"line":249,"column":8},"end":{"line":249,"column":16}},{"start":{"line":249,"column":20},"end":{"line":249,"column":35}}],"line":249},"28":{"loc":{"start":{"line":256,"column":9},"end":{"line":256,"column":52}},"type":"cond-expr","locations":[{"start":{"line":256,"column":21},"end":{"line":256,"column":28}},{"start":{"line":256,"column":31},"end":{"line":256,"column":52}}],"line":256},"29":{"loc":{"start":{"line":271,"column":2},"end":{"line":280,"column":3}},"type":"if","locations":[{"start":{"line":271,"column":2},"end":{"line":280,"column":3}},{"start":{"line":271,"column":2},"end":{"line":280,"column":3}}],"line":271},"30":{"loc":{"start":{"line":272,"column":24},"end":{"line":272,"column":70}},"type":"binary-expr","locations":[{"start":{"line":272,"column":24},"end":{"line":272,"column":32}},{"start":{"line":272,"column":36},"end":{"line":272,"column":70}}],"line":272},"31":{"loc":{"start":{"line":273,"column":4},"end":{"line":279,"column":5}},"type":"if","locations":[{"start":{"line":273,"column":4},"end":{"line":279,"column":5}},{"start":{"line":273,"column":4},"end":{"line":279,"column":5}}],"line":273},"32":{"loc":{"start":{"line":275,"column":11},"end":{"line":279,"column":5}},"type":"if","locations":[{"start":{"line":275,"column":11},"end":{"line":279,"column":5}},{"start":{"line":275,"column":11},"end":{"line":279,"column":5}}],"line":275},"33":{"loc":{"start":{"line":282,"column":11},"end":{"line":284,"column":35}},"type":"cond-expr","locations":[{"start":{"line":283,"column":8},"end":{"line":283,"column":57}},{"start":{"line":284,"column":8},"end":{"line":284,"column":35}}],"line":282},"34":{"loc":{"start":{"line":282,"column":11},"end":{"line":282,"column":42}},"type":"binary-expr","locations":[{"start":{"line":282,"column":11},"end":{"line":282,"column":19}},{"start":{"line":282,"column":23},"end":{"line":282,"column":42}}],"line":282},"35":{"loc":{"start":{"line":294,"column":4},"end":{"line":294,"column":24}},"type":"default-arg","locations":[{"start":{"line":294,"column":12},"end":{"line":294,"column":24}}],"line":294},"36":{"loc":{"start":{"line":295,"column":4},"end":{"line":295,"column":20}},"type":"default-arg","locations":[{"start":{"line":295,"column":18},"end":{"line":295,"column":20}}],"line":295},"37":{"loc":{"start":{"line":296,"column":4},"end":{"line":296,"column":63}},"type":"default-arg","locations":[{"start":{"line":296,"column":19},"end":{"line":296,"column":63}}],"line":296},"38":{"loc":{"start":{"line":297,"column":4},"end":{"line":297,"column":26}},"type":"default-arg","locations":[{"start":{"line":297,"column":22},"end":{"line":297,"column":26}}],"line":297},"39":{"loc":{"start":{"line":298,"column":4},"end":{"line":298,"column":27}},"type":"default-arg","locations":[{"start":{"line":298,"column":22},"end":{"line":298,"column":27}}],"line":298},"40":{"loc":{"start":{"line":299,"column":4},"end":{"line":299,"column":33}},"type":"default-arg","locations":[{"start":{"line":299,"column":28},"end":{"line":299,"column":33}}],"line":299},"41":{"loc":{"start":{"line":300,"column":4},"end":{"line":300,"column":26}},"type":"default-arg","locations":[{"start":{"line":300,"column":25},"end":{"line":300,"column":26}}],"line":300},"42":{"loc":{"start":{"line":302,"column":4},"end":{"line":302,"column":24}},"type":"default-arg","locations":[{"start":{"line":302,"column":22},"end":{"line":302,"column":24}}],"line":302},"43":{"loc":{"start":{"line":304,"column":4},"end":{"line":304,"column":18}},"type":"default-arg","locations":[{"start":{"line":304,"column":16},"end":{"line":304,"column":18}}],"line":304},"44":{"loc":{"start":{"line":306,"column":4},"end":{"line":306,"column":18}},"type":"default-arg","locations":[{"start":{"line":306,"column":13},"end":{"line":306,"column":18}}],"line":306},"45":{"loc":{"start":{"line":307,"column":4},"end":{"line":307,"column":20}},"type":"default-arg","locations":[{"start":{"line":307,"column":14},"end":{"line":307,"column":20}}],"line":307},"46":{"loc":{"start":{"line":308,"column":4},"end":{"line":308,"column":59}},"type":"default-arg","locations":[{"start":{"line":308,"column":11},"end":{"line":308,"column":59}}],"line":308},"47":{"loc":{"start":{"line":308,"column":11},"end":{"line":308,"column":59}},"type":"cond-expr","locations":[{"start":{"line":308,"column":37},"end":{"line":308,"column":48}},{"start":{"line":308,"column":51},"end":{"line":308,"column":59}}],"line":308},"48":{"loc":{"start":{"line":312,"column":19},"end":{"line":312,"column":54}},"type":"binary-expr","locations":[{"start":{"line":312,"column":19},"end":{"line":312,"column":31}},{"start":{"line":312,"column":35},"end":{"line":312,"column":54}}],"line":312},"49":{"loc":{"start":{"line":314,"column":27},"end":{"line":322,"column":12}},"type":"cond-expr","locations":[{"start":{"line":315,"column":6},"end":{"line":321,"column":8}},{"start":{"line":322,"column":8},"end":{"line":322,"column":12}}],"line":314},"50":{"loc":{"start":{"line":317,"column":19},"end":{"line":317,"column":43}},"type":"binary-expr","locations":[{"start":{"line":317,"column":19},"end":{"line":317,"column":37}},{"start":{"line":317,"column":41},"end":{"line":317,"column":43}}],"line":317},"51":{"loc":{"start":{"line":324,"column":28},"end":{"line":325,"column":69}},"type":"binary-expr","locations":[{"start":{"line":324,"column":28},"end":{"line":324,"column":38}},{"start":{"line":325,"column":6},"end":{"line":325,"column":38}},{"start":{"line":325,"column":42},"end":{"line":325,"column":69}}],"line":324},"52":{"loc":{"start":{"line":326,"column":21},"end":{"line":330,"column":54}},"type":"cond-expr","locations":[{"start":{"line":327,"column":8},"end":{"line":329,"column":10}},{"start":{"line":330,"column":8},"end":{"line":330,"column":54}}],"line":326},"53":{"loc":{"start":{"line":332,"column":4},"end":{"line":339,"column":5}},"type":"if","locations":[{"start":{"line":332,"column":4},"end":{"line":339,"column":5}},{"start":{"line":332,"column":4},"end":{"line":339,"column":5}}],"line":332},"54":{"loc":{"start":{"line":345,"column":16},"end":{"line":345,"column":70}},"type":"cond-expr","locations":[{"start":{"line":345,"column":54},"end":{"line":345,"column":58}},{"start":{"line":345,"column":61},"end":{"line":345,"column":70}}],"line":345},"55":{"loc":{"start":{"line":345,"column":16},"end":{"line":345,"column":51}},"type":"binary-expr","locations":[{"start":{"line":345,"column":16},"end":{"line":345,"column":24}},{"start":{"line":345,"column":28},"end":{"line":345,"column":51}}],"line":345},"56":{"loc":{"start":{"line":346,"column":15},"end":{"line":346,"column":42}},"type":"binary-expr","locations":[{"start":{"line":346,"column":15},"end":{"line":346,"column":23}},{"start":{"line":346,"column":27},"end":{"line":346,"column":42}}],"line":346},"57":{"loc":{"start":{"line":354,"column":4},"end":{"line":356,"column":5}},"type":"if","locations":[{"start":{"line":354,"column":4},"end":{"line":356,"column":5}},{"start":{"line":354,"column":4},"end":{"line":356,"column":5}}],"line":354},"58":{"loc":{"start":{"line":375,"column":11},"end":{"line":375,"column":51}},"type":"binary-expr","locations":[{"start":{"line":375,"column":11},"end":{"line":375,"column":33}},{"start":{"line":375,"column":37},"end":{"line":375,"column":51}}],"line":375}},"s":{"0":17,"1":2122,"2":4,"3":40,"4":40,"5":4,"6":0,"7":0,"8":0,"9":0,"10":0,"11":0,"12":0,"13":2464,"14":2464,"15":2464,"16":0,"17":0,"18":2464,"19":1131,"20":1131,"21":2958,"22":2958,"23":1864,"24":1094,"25":1094,"26":1094,"27":1131,"28":37,"29":37,"30":37,"31":37,"32":58,"33":501,"34":0,"35":0,"36":501,"37":559,"38":37,"39":2122,"40":2122,"41":2122,"42":2122,"43":284,"44":284,"45":806,"46":806,"47":806,"48":284,"49":284,"50":284,"51":522,"52":284,"53":284,"54":258,"55":258,"56":258,"57":26,"58":26,"59":26,"60":238,"61":238,"62":238,"63":284,"64":2122,"65":37,"66":11,"67":11,"68":11,"69":11,"70":11,"71":37,"72":37,"73":2185,"74":37,"75":26,"76":26,"77":2,"78":24,"79":13,"80":11,"81":11,"82":11,"83":1,"84":105,"85":39,"86":39,"87":39,"88":39,"89":39,"90":2,"91":37,"92":37,"93":37,"94":37,"95":37,"96":3,"97":37,"98":37,"99":37},"f":{"0":2122,"1":4,"2":40,"3":4,"4":0,"5":0,"6":0,"7":2464,"8":1131,"9":37,"10":58,"11":501,"12":559,"13":806,"14":37,"15":2185,"16":37,"17":105,"18":39},"b":{"0":[10,30],"1":[4],"2":[0],"3":[0,0],"4":[0],"5":[2464,2406],"6":[36,2428],"7":[20,2444],"8":[0,2464],"9":[2464,1],"10":[37],"11":[1131],"12":[1864,1094],"13":[1094,0],"14":[0],"15":[0,501],"16":[501,54],"17":[295],"18":[58,501],"19":[284,1838],"20":[806,68],"21":[284,522],"22":[284,238],"23":[284,258,258],"24":[258,26],"25":[11,26],"26":[11,0],"27":[11,11],"28":[4,33],"29":[26,11],"30":[26,19],"31":[2,24],"32":[13,11],"33":[10,1],"34":[11,11],"35":[19],"36":[39],"37":[38],"38":[38],"39":[35],"40":[39],"41":[39],"42":[37],"43":[36],"44":[37],"45":[37],"46":[39],"47":[0,39],"48":[39,23],"49":[4,35],"50":[4,3],"51":[39,22,1],"52":[38,1],"53":[2,37],"54":[0,37],"55":[37,0],"56":[37,37],"57":[3,34],"58":[37,37]},"_coverageSchema":"1a1c01bbd47fc00a2c39e90264f33305004495a9","hash":"aa77f0a18abe2cdf2470e9102f76c4d311229668"}
,"/Users/conorhastings/dev/react-syntax-highlighter/src/index.js": {"path":"/Users/conorhastings/dev/react-syntax-highlighter/src/index.js","statementMap":{},"fnMap":{},"branchMap":{},"s":{},"f":{},"b":{},"_coverageSchema":"1a1c01bbd47fc00a2c39e90264f33305004495a9","hash":"59c5b092d0904fe2a8a64c6a362b70a4b4c6310d"}
,"/Users/conorhastings/dev/react-syntax-highlighter/src/light-async.js": {"path":"/Users/conorhastings/dev/react-syntax-highlighter/src/light-async.js","statementMap":{"0":{"start":{"line":6,"column":4},"end":{"line":11,"column":6}},"1":{"start":{"line":10,"column":6},"end":{"line":10,"column":38}},"2":{"start":{"line":13,"column":4},"end":{"line":13,"column":44}},"3":{"start":{"line":17,"column":4},"end":{"line":17,"column":53}}},"fnMap":{"0":{"name":"(anonymous_0)","decl":{"start":{"line":5,"column":10},"end":{"line":5,"column":11}},"loc":{"start":{"line":6,"column":4},"end":{"line":11,"column":6}},"line":6},"1":{"name":"(anonymous_1)","decl":{"start":{"line":8,"column":30},"end":{"line":8,"column":31}},"loc":{"start":{"line":8,"column":40},"end":{"line":11,"column":5}},"line":8},"2":{"name":"(anonymous_2)","decl":{"start":{"line":12,"column":24},"end":{"line":12,"column":25}},"loc":{"start":{"line":12,"column":48},"end":{"line":14,"column":3}},"line":12},"3":{"name":"(anonymous_3)","decl":{"start":{"line":16,"column":20},"end":{"line":16,"column":21}},"loc":{"start":{"line":16,"column":50},"end":{"line":18,"column":3}},"line":16}},"branchMap":{"0":{"loc":{"start":{"line":10,"column":13},"end":{"line":10,"column":37}},"type":"binary-expr","locations":[{"start":{"line":10,"column":13},"end":{"line":10,"column":27}},{"start":{"line":10,"column":31},"end":{"line":10,"column":37}}],"line":10}},"s":{"0":4,"1":4,"2":16,"3":3},"f":{"0":4,"1":4,"2":16,"3":3},"b":{"0":[4,4]},"_coverageSchema":"1a1c01bbd47fc00a2c39e90264f33305004495a9","hash":"9a13d9d5dac2370bb0a0836bd7b2b4c2f4c90722"}
,"/Users/conorhastings/dev/react-syntax-highlighter/src/light.js": {"path":"/Users/conorhastings/dev/react-syntax-highlighter/src/light.js","statementMap":{"0":{"start":{"line":4,"column":26},"end":{"line":4,"column":49}},"1":{"start":{"line":5,"column":0},"end":{"line":5,"column":63}}},"fnMap":{},"branchMap":{},"s":{"0":13,"1":13},"f":{},"b":{},"_coverageSchema":"1a1c01bbd47fc00a2c39e90264f33305004495a9","hash":"3e4d7490a00f85c4e110a83dd3b045ba2f50f59c"}
,"/Users/conorhastings/dev/react-syntax-highlighter/src/prism-async-light.js": {"path":"/Users/conorhastings/dev/react-syntax-highlighter/src/prism-async-light.js","statementMap":{"0":{"start":{"line":6,"column":4},"end":{"line":11,"column":6}},"1":{"start":{"line":10,"column":6},"end":{"line":10,"column":38}},"2":{"start":{"line":13,"column":4},"end":{"line":13,"column":41}},"3":{"start":{"line":17,"column":4},"end":{"line":17,"column":39}}},"fnMap":{"0":{"name":"(anonymous_0)","decl":{"start":{"line":5,"column":10},"end":{"line":5,"column":11}},"loc":{"start":{"line":6,"column":4},"end":{"line":11,"column":6}},"line":6},"1":{"name":"(anonymous_1)","decl":{"start":{"line":8,"column":27},"end":{"line":8,"column":28}},"loc":{"start":{"line":8,"column":37},"end":{"line":11,"column":5}},"line":8},"2":{"name":"(anonymous_2)","decl":{"start":{"line":12,"column":24},"end":{"line":12,"column":25}},"loc":{"start":{"line":12,"column":48},"end":{"line":14,"column":3}},"line":12},"3":{"name":"(anonymous_3)","decl":{"start":{"line":16,"column":20},"end":{"line":16,"column":21}},"loc":{"start":{"line":16,"column":50},"end":{"line":18,"column":3}},"line":16}},"branchMap":{"0":{"loc":{"start":{"line":10,"column":13},"end":{"line":10,"column":37}},"type":"binary-expr","locations":[{"start":{"line":10,"column":13},"end":{"line":10,"column":27}},{"start":{"line":10,"column":31},"end":{"line":10,"column":37}}],"line":10}},"s":{"0":2,"1":2,"2":10,"3":3},"f":{"0":2,"1":2,"2":10,"3":3},"b":{"0":[2,2]},"_coverageSchema":"1a1c01bbd47fc00a2c39e90264f33305004495a9","hash":"216d696703f3270e7c60fb4bb4d5420ebda611b9"}
,"/Users/conorhastings/dev/react-syntax-highlighter/src/prism-async.js": {"path":"/Users/conorhastings/dev/react-syntax-highlighter/src/prism-async.js","statementMap":{"0":{"start":{"line":6,"column":4},"end":{"line":11,"column":6}},"1":{"start":{"line":10,"column":6},"end":{"line":10,"column":38}}},"fnMap":{"0":{"name":"(anonymous_0)","decl":{"start":{"line":5,"column":10},"end":{"line":5,"column":11}},"loc":{"start":{"line":6,"column":4},"end":{"line":11,"column":6}},"line":6},"1":{"name":"(anonymous_1)","decl":{"start":{"line":8,"column":22},"end":{"line":8,"column":23}},"loc":{"start":{"line":8,"column":32},"end":{"line":11,"column":5}},"line":8}},"branchMap":{"0":{"loc":{"start":{"line":10,"column":13},"end":{"line":10,"column":37}},"type":"binary-expr","locations":[{"start":{"line":10,"column":13},"end":{"line":10,"column":27}},{"start":{"line":10,"column":31},"end":{"line":10,"column":37}}],"line":10}},"s":{"0":2,"1":2},"f":{"0":2,"1":2},"b":{"0":[2,2]},"_coverageSchema":"1a1c01bbd47fc00a2c39e90264f33305004495a9","hash":"7a9259f1734083d3b5c342eefda2c7b89f8ae1cd"}
,"/Users/conorhastings/dev/react-syntax-highlighter/src/prism-light.js": {"path":"/Users/conorhastings/dev/react-syntax-highlighter/src/prism-light.js","statementMap":{"0":{"start":{"line":4,"column":26},"end":{"line":4,"column":50}},"1":{"start":{"line":5,"column":0},"end":{"line":6,"column":31}},"2":{"start":{"line":6,"column":2},"end":{"line":6,"column":30}}},"fnMap":{"0":{"name":"(anonymous_0)","decl":{"start":{"line":5,"column":37},"end":{"line":5,"column":38}},"loc":{"start":{"line":6,"column":2},"end":{"line":6,"column":30}},"line":6}},"branchMap":{},"s":{"0":13,"1":13,"2":1},"f":{"0":1},"b":{},"_coverageSchema":"1a1c01bbd47fc00a2c39e90264f33305004495a9","hash":"24dd77dc570be7dfac87dae67d3cb845dfcd506d"}
,"/Users/conorhastings/dev/react-syntax-highlighter/src/prism.js": {"path":"/Users/conorhastings/dev/react-syntax-highlighter/src/prism.js","statementMap":{"0":{"start":{"line":6,"column":20},"end":{"line":6,"column":54}},"1":{"start":{"line":7,"column":0},"end":{"line":7,"column":52}}},"fnMap":{},"branchMap":{},"s":{"0":14,"1":14},"f":{},"b":{},"_coverageSchema":"1a1c01bbd47fc00a2c39e90264f33305004495a9","hash":"779ba250b85acb160ccc5ef26a838e6762d1b845"}
,"/Users/conorhastings/dev/react-syntax-highlighter/src/async-languages/create-language-async-loader.js": {"path":"/Users/conorhastings/dev/react-syntax-highlighter/src/async-languages/create-language-async-loader.js","statementMap":{"0":{"start":{"line":2,"column":2},"end":{"line":5,"column":4}},"1":{"start":{"line":3,"column":19},"end":{"line":3,"column":33}},"2":{"start":{"line":4,"column":4},"end":{"line":4,"column":53}}},"fnMap":{"0":{"name":"(anonymous_0)","decl":{"start":{"line":1,"column":15},"end":{"line":1,"column":16}},"loc":{"start":{"line":1,"column":33},"end":{"line":6,"column":1}},"line":1},"1":{"name":"(anonymous_1)","decl":{"start":{"line":2,"column":9},"end":{"line":2,"column":10}},"loc":{"start":{"line":2,"column":35},"end":{"line":5,"column":3}},"line":2}},"branchMap":{"0":{"loc":{"start":{"line":4,"column":27},"end":{"line":4,"column":51}},"type":"binary-expr","locations":[{"start":{"line":4,"column":27},"end":{"line":4,"column":41}},{"start":{"line":4,"column":45},"end":{"line":4,"column":51}}],"line":4}},"s":{"0":5350,"1":8,"2":8},"f":{"0":5350,"1":8},"b":{"0":[8,8]},"_coverageSchema":"1a1c01bbd47fc00a2c39e90264f33305004495a9","hash":"3e4514584a6caf0359d6d993a4a5aca824d55cf6"}
,"/Users/conorhastings/dev/react-syntax-highlighter/src/async-languages/hljs.js": {"path":"/Users/conorhastings/dev/react-syntax-highlighter/src/async-languages/hljs.js","statementMap":{"0":{"start":{"line":4,"column":4},"end":{"line":4,"column":119}},"1":{"start":{"line":7,"column":4},"end":{"line":7,"column":121}},"2":{"start":{"line":10,"column":4},"end":{"line":10,"column":131}},"3":{"start":{"line":13,"column":4},"end":{"line":13,"column":137}},"4":{"start":{"line":16,"column":4},"end":{"line":16,"column":119}},"5":{"start":{"line":19,"column":4},"end":{"line":19,"column":135}},"6":{"start":{"line":22,"column":4},"end":{"line":22,"column":125}},"7":{"start":{"line":25,"column":4},"end":{"line":25,"column":135}},"8":{"start":{"line":28,"column":4},"end":{"line":28,"column":125}},"9":{"start":{"line":31,"column":4},"end":{"line":31,"column":127}},"10":{"start":{"line":34,"column":4},"end":{"line":34,"column":125}},"11":{"start":{"line":37,"column":4},"end":{"line":37,"column":129}},"12":{"start":{"line":40,"column":4},"end":{"line":40,"column":127}},"13":{"start":{"line":43,"column":4},"end":{"line":43,"column":133}},"14":{"start":{"line":46,"column":4},"end":{"line":46,"column":125}},"15":{"start":{"line":49,"column":4},"end":{"line":49,"column":125}},"16":{"start":{"line":52,"column":4},"end":{"line":52,"column":119}},"17":{"start":{"line":55,"column":4},"end":{"line":55,"column":125}},"18":{"start":{"line":58,"column":4},"end":{"line":58,"column":121}},"19":{"start":{"line":61,"column":4},"end":{"line":61,"column":123}},"20":{"start":{"line":64,"column":4},"end":{"line":64,"column":119}},"21":{"start":{"line":67,"column":4},"end":{"line":67,"column":131}},"22":{"start":{"line":70,"column":4},"end":{"line":70,"column":119}},"23":{"start":{"line":73,"column":4},"end":{"line":73,"column":131}},"24":{"start":{"line":76,"column":4},"end":{"line":76,"column":125}},"25":{"start":{"line":79,"column":4},"end":{"line":79,"column":123}},"26":{"start":{"line":82,"column":4},"end":{"line":82,"column":136}},"27":{"start":{"line":85,"column":4},"end":{"line":85,"column":127}},"28":{"start":{"line":88,"column":4},"end":{"line":88,"column":123}},"29":{"start":{"line":91,"column":4},"end":{"line":91,"column":137}},"30":{"start":{"line":94,"column":4},"end":{"line":94,"column":119}},"31":{"start":{"line":97,"column":4},"end":{"line":97,"column":119}},"32":{"start":{"line":100,"column":4},"end":{"line":100,"column":119}},"33":{"start":{"line":103,"column":4},"end":{"line":103,"column":123}},"34":{"start":{"line":106,"column":4},"end":{"line":106,"column":127}},"35":{"start":{"line":109,"column":4},"end":{"line":109,"column":117}},"36":{"start":{"line":112,"column":4},"end":{"line":112,"column":119}},"37":{"start":{"line":115,"column":4},"end":{"line":115,"column":119}},"38":{"start":{"line":118,"column":4},"end":{"line":118,"column":115}},"39":{"start":{"line":121,"column":4},"end":{"line":121,"column":121}},"40":{"start":{"line":124,"column":4},"end":{"line":124,"column":125}},"41":{"start":{"line":127,"column":4},"end":{"line":127,"column":121}},"42":{"start":{"line":130,"column":4},"end":{"line":130,"column":125}},"43":{"start":{"line":133,"column":4},"end":{"line":133,"column":119}},"44":{"start":{"line":136,"column":4},"end":{"line":136,"column":133}},"45":{"start":{"line":139,"column":4},"end":{"line":139,"column":119}},"46":{"start":{"line":142,"column":4},"end":{"line":142,"column":129}},"47":{"start":{"line":145,"column":4},"end":{"line":145,"column":119}},"48":{"start":{"line":148,"column":4},"end":{"line":148,"column":121}},"49":{"start":{"line":151,"column":4},"end":{"line":151,"column":121}},"50":{"start":{"line":154,"column":4},"end":{"line":154,"column":125}},"51":{"start":{"line":157,"column":4},"end":{"line":157,"column":119}},"52":{"start":{"line":160,"column":4},"end":{"line":160,"column":119}},"53":{"start":{"line":163,"column":4},"end":{"line":163,"column":134}},"54":{"start":{"line":166,"column":4},"end":{"line":166,"column":125}},"55":{"start":{"line":169,"column":4},"end":{"line":169,"column":123}},"56":{"start":{"line":172,"column":4},"end":{"line":172,"column":119}},"57":{"start":{"line":175,"column":4},"end":{"line":175,"column":121}},"58":{"start":{"line":178,"column":4},"end":{"line":178,"column":127}},"59":{"start":{"line":181,"column":4},"end":{"line":181,"column":125}},"60":{"start":{"line":184,"column":4},"end":{"line":184,"column":121}},"61":{"start":{"line":187,"column":4},"end":{"line":187,"column":123}},"62":{"start":{"line":190,"column":4},"end":{"line":190,"column":123}},"63":{"start":{"line":193,"column":4},"end":{"line":193,"column":127}},"64":{"start":{"line":196,"column":4},"end":{"line":196,"column":121}},"65":{"start":{"line":199,"column":4},"end":{"line":199,"column":119}},"66":{"start":{"line":202,"column":4},"end":{"line":202,"column":117}},"67":{"start":{"line":205,"column":4},"end":{"line":205,"column":121}},"68":{"start":{"line":208,"column":4},"end":{"line":208,"column":125}},"69":{"start":{"line":211,"column":4},"end":{"line":211,"column":125}},"70":{"start":{"line":214,"column":4},"end":{"line":214,"column":121}},"71":{"start":{"line":217,"column":4},"end":{"line":217,"column":133}},"72":{"start":{"line":220,"column":4},"end":{"line":220,"column":127}},"73":{"start":{"line":223,"column":4},"end":{"line":223,"column":121}},"74":{"start":{"line":226,"column":4},"end":{"line":226,"column":119}},"75":{"start":{"line":229,"column":4},"end":{"line":229,"column":129}},"76":{"start":{"line":232,"column":4},"end":{"line":232,"column":121}},"77":{"start":{"line":235,"column":4},"end":{"line":235,"column":117}},"78":{"start":{"line":238,"column":4},"end":{"line":238,"column":127}},"79":{"start":{"line":241,"column":4},"end":{"line":241,"column":119}},"80":{"start":{"line":244,"column":4},"end":{"line":244,"column":125}},"81":{"start":{"line":247,"column":4},"end":{"line":247,"column":121}},"82":{"start":{"line":250,"column":4},"end":{"line":250,"column":121}},"83":{"start":{"line":253,"column":4},"end":{"line":253,"column":133}},"84":{"start":{"line":256,"column":4},"end":{"line":256,"column":130}},"85":{"start":{"line":259,"column":4},"end":{"line":259,"column":121}},"86":{"start":{"line":262,"column":4},"end":{"line":262,"column":132}},"87":{"start":{"line":265,"column":4},"end":{"line":265,"column":123}},"88":{"start":{"line":268,"column":4},"end":{"line":268,"column":125}},"89":{"start":{"line":271,"column":4},"end":{"line":271,"column":123}},"90":{"start":{"line":274,"column":4},"end":{"line":274,"column":121}},"91":{"start":{"line":277,"column":4},"end":{"line":277,"column":121}},"92":{"start":{"line":280,"column":4},"end":{"line":280,"column":121}},"93":{"start":{"line":283,"column":4},"end":{"line":283,"column":121}},"94":{"start":{"line":286,"column":4},"end":{"line":286,"column":141}},"95":{"start":{"line":289,"column":4},"end":{"line":289,"column":133}},"96":{"start":{"line":292,"column":4},"end":{"line":292,"column":121}},"97":{"start":{"line":295,"column":4},"end":{"line":295,"column":119}},"98":{"start":{"line":298,"column":4},"end":{"line":298,"column":119}},"99":{"start":{"line":301,"column":4},"end":{"line":301,"column":129}},"100":{"start":{"line":304,"column":4},"end":{"line":304,"column":129}},"101":{"start":{"line":307,"column":4},"end":{"line":307,"column":135}},"102":{"start":{"line":310,"column":4},"end":{"line":310,"column":125}},"103":{"start":{"line":313,"column":4},"end":{"line":313,"column":125}},"104":{"start":{"line":316,"column":4},"end":{"line":316,"column":119}},"105":{"start":{"line":319,"column":4},"end":{"line":319,"column":127}},"106":{"start":{"line":322,"column":4},"end":{"line":322,"column":127}},"107":{"start":{"line":325,"column":4},"end":{"line":325,"column":123}},"108":{"start":{"line":328,"column":4},"end":{"line":328,"column":135}},"109":{"start":{"line":331,"column":4},"end":{"line":331,"column":125}},"110":{"start":{"line":334,"column":4},"end":{"line":334,"column":133}},"111":{"start":{"line":337,"column":4},"end":{"line":337,"column":121}},"112":{"start":{"line":340,"column":4},"end":{"line":340,"column":123}},"113":{"start":{"line":343,"column":4},"end":{"line":343,"column":125}},"114":{"start":{"line":346,"column":4},"end":{"line":346,"column":119}},"115":{"start":{"line":349,"column":4},"end":{"line":349,"column":121}},"116":{"start":{"line":352,"column":4},"end":{"line":352,"column":133}},"117":{"start":{"line":355,"column":4},"end":{"line":355,"column":123}},"118":{"start":{"line":358,"column":4},"end":{"line":358,"column":129}},"119":{"start":{"line":361,"column":4},"end":{"line":361,"column":127}},"120":{"start":{"line":364,"column":4},"end":{"line":364,"column":127}},"121":{"start":{"line":367,"column":4},"end":{"line":367,"column":121}},"122":{"start":{"line":370,"column":4},"end":{"line":370,"column":117}},"123":{"start":{"line":373,"column":4},"end":{"line":373,"column":123}},"124":{"start":{"line":376,"column":4},"end":{"line":376,"column":119}},"125":{"start":{"line":379,"column":4},"end":{"line":379,"column":131}},"126":{"start":{"line":382,"column":4},"end":{"line":382,"column":121}},"127":{"start":{"line":385,"column":4},"end":{"line":385,"column":133}},"128":{"start":{"line":388,"column":4},"end":{"line":388,"column":133}},"129":{"start":{"line":391,"column":4},"end":{"line":391,"column":127}},"130":{"start":{"line":394,"column":4},"end":{"line":394,"column":125}},"131":{"start":{"line":397,"column":4},"end":{"line":397,"column":133}},"132":{"start":{"line":400,"column":4},"end":{"line":400,"column":129}},"133":{"start":{"line":403,"column":4},"end":{"line":403,"column":125}},"134":{"start":{"line":406,"column":4},"end":{"line":406,"column":131}},"135":{"start":{"line":409,"column":4},"end":{"line":409,"column":125}},"136":{"start":{"line":412,"column":4},"end":{"line":412,"column":115}},"137":{"start":{"line":415,"column":4},"end":{"line":415,"column":119}},"138":{"start":{"line":418,"column":4},"end":{"line":418,"column":115}},"139":{"start":{"line":421,"column":4},"end":{"line":421,"column":129}},"140":{"start":{"line":424,"column":4},"end":{"line":424,"column":119}},"141":{"start":{"line":427,"column":4},"end":{"line":427,"column":129}},"142":{"start":{"line":430,"column":4},"end":{"line":430,"column":129}},"143":{"start":{"line":433,"column":4},"end":{"line":433,"column":119}},"144":{"start":{"line":436,"column":4},"end":{"line":436,"column":121}},"145":{"start":{"line":439,"column":4},"end":{"line":439,"column":139}},"146":{"start":{"line":442,"column":4},"end":{"line":442,"column":121}},"147":{"start":{"line":445,"column":4},"end":{"line":445,"column":119}},"148":{"start":{"line":448,"column":4},"end":{"line":448,"column":123}},"149":{"start":{"line":451,"column":4},"end":{"line":451,"column":125}},"150":{"start":{"line":454,"column":4},"end":{"line":454,"column":125}},"151":{"start":{"line":457,"column":4},"end":{"line":457,"column":121}},"152":{"start":{"line":460,"column":4},"end":{"line":460,"column":123}},"153":{"start":{"line":463,"column":4},"end":{"line":463,"column":123}},"154":{"start":{"line":466,"column":4},"end":{"line":466,"column":131}},"155":{"start":{"line":469,"column":4},"end":{"line":469,"column":119}},"156":{"start":{"line":472,"column":4},"end":{"line":472,"column":119}},"157":{"start":{"line":475,"column":4},"end":{"line":475,"column":119}},"158":{"start":{"line":478,"column":4},"end":{"line":478,"column":121}},"159":{"start":{"line":481,"column":4},"end":{"line":481,"column":123}},"160":{"start":{"line":484,"column":4},"end":{"line":484,"column":125}},"161":{"start":{"line":487,"column":4},"end":{"line":487,"column":125}},"162":{"start":{"line":490,"column":4},"end":{"line":490,"column":127}},"163":{"start":{"line":493,"column":4},"end":{"line":493,"column":123}},"164":{"start":{"line":496,"column":4},"end":{"line":496,"column":137}},"165":{"start":{"line":499,"column":4},"end":{"line":499,"column":119}},"166":{"start":{"line":502,"column":4},"end":{"line":502,"column":119}},"167":{"start":{"line":505,"column":4},"end":{"line":505,"column":119}},"168":{"start":{"line":508,"column":4},"end":{"line":508,"column":125}},"169":{"start":{"line":511,"column":4},"end":{"line":511,"column":117}},"170":{"start":{"line":514,"column":4},"end":{"line":514,"column":121}},"171":{"start":{"line":517,"column":4},"end":{"line":517,"column":133}},"172":{"start":{"line":520,"column":4},"end":{"line":520,"column":121}},"173":{"start":{"line":523,"column":4},"end":{"line":523,"column":123}},"174":{"start":{"line":526,"column":4},"end":{"line":526,"column":138}},"175":{"start":{"line":529,"column":4},"end":{"line":529,"column":129}},"176":{"start":{"line":532,"column":4},"end":{"line":532,"column":127}},"177":{"start":{"line":535,"column":4},"end":{"line":535,"column":121}},"178":{"start":{"line":538,"column":4},"end":{"line":538,"column":119}},"179":{"start":{"line":541,"column":4},"end":{"line":541,"column":125}},"180":{"start":{"line":544,"column":4},"end":{"line":544,"column":117}},"181":{"start":{"line":547,"column":4},"end":{"line":547,"column":119}},"182":{"start":{"line":550,"column":4},"end":{"line":550,"column":125}},"183":{"start":{"line":553,"column":4},"end":{"line":553,"column":121}},"184":{"start":{"line":556,"column":4},"end":{"line":556,"column":125}}},"fnMap":{"0":{"name":"(anonymous_0)","decl":{"start":{"line":3,"column":42},"end":{"line":3,"column":43}},"loc":{"start":{"line":4,"column":4},"end":{"line":4,"column":119}},"line":4},"1":{"name":"(anonymous_1)","decl":{"start":{"line":6,"column":42},"end":{"line":6,"column":43}},"loc":{"start":{"line":7,"column":4},"end":{"line":7,"column":121}},"line":7},"2":{"name":"(anonymous_2)","decl":{"start":{"line":9,"column":52},"end":{"line":9,"column":53}},"loc":{"start":{"line":10,"column":4},"end":{"line":10,"column":131}},"line":10},"3":{"name":"(anonymous_3)","decl":{"start":{"line":12,"column":58},"end":{"line":12,"column":59}},"loc":{"start":{"line":13,"column":4},"end":{"line":13,"column":137}},"line":13},"4":{"name":"(anonymous_4)","decl":{"start":{"line":15,"column":40},"end":{"line":15,"column":41}},"loc":{"start":{"line":16,"column":4},"end":{"line":16,"column":119}},"line":16},"5":{"name":"(anonymous_5)","decl":{"start":{"line":18,"column":56},"end":{"line":18,"column":57}},"loc":{"start":{"line":19,"column":4},"end":{"line":19,"column":135}},"line":19},"6":{"name":"(anonymous_6)","decl":{"start":{"line":21,"column":46},"end":{"line":21,"column":47}},"loc":{"start":{"line":22,"column":4},"end":{"line":22,"column":125}},"line":22},"7":{"name":"(anonymous_7)","decl":{"start":{"line":24,"column":56},"end":{"line":24,"column":57}},"loc":{"start":{"line":25,"column":4},"end":{"line":25,"column":135}},"line":25},"8":{"name":"(anonymous_8)","decl":{"start":{"line":27,"column":46},"end":{"line":27,"column":47}},"loc":{"start":{"line":28,"column":4},"end":{"line":28,"column":125}},"line":28},"9":{"name":"(anonymous_9)","decl":{"start":{"line":30,"column":48},"end":{"line":30,"column":49}},"loc":{"start":{"line":31,"column":4},"end":{"line":31,"column":127}},"line":31},"10":{"name":"(anonymous_10)","decl":{"start":{"line":33,"column":46},"end":{"line":33,"column":47}},"loc":{"start":{"line":34,"column":4},"end":{"line":34,"column":125}},"line":34},"11":{"name":"(anonymous_11)","decl":{"start":{"line":36,"column":50},"end":{"line":36,"column":51}},"loc":{"start":{"line":37,"column":4},"end":{"line":37,"column":129}},"line":37},"12":{"name":"(anonymous_12)","decl":{"start":{"line":39,"column":48},"end":{"line":39,"column":49}},"loc":{"start":{"line":40,"column":4},"end":{"line":40,"column":127}},"line":40},"13":{"name":"(anonymous_13)","decl":{"start":{"line":42,"column":54},"end":{"line":42,"column":55}},"loc":{"start":{"line":43,"column":4},"end":{"line":43,"column":133}},"line":43},"14":{"name":"(anonymous_14)","decl":{"start":{"line":45,"column":46},"end":{"line":45,"column":47}},"loc":{"start":{"line":46,"column":4},"end":{"line":46,"column":125}},"line":46},"15":{"name":"(anonymous_15)","decl":{"start":{"line":48,"column":46},"end":{"line":48,"column":47}},"loc":{"start":{"line":49,"column":4},"end":{"line":49,"column":125}},"line":49},"16":{"name":"(anonymous_16)","decl":{"start":{"line":51,"column":40},"end":{"line":51,"column":41}},"loc":{"start":{"line":52,"column":4},"end":{"line":52,"column":119}},"line":52},"17":{"name":"(anonymous_17)","decl":{"start":{"line":54,"column":46},"end":{"line":54,"column":47}},"loc":{"start":{"line":55,"column":4},"end":{"line":55,"column":125}},"line":55},"18":{"name":"(anonymous_18)","decl":{"start":{"line":57,"column":42},"end":{"line":57,"column":43}},"loc":{"start":{"line":58,"column":4},"end":{"line":58,"column":121}},"line":58},"19":{"name":"(anonymous_19)","decl":{"start":{"line":60,"column":44},"end":{"line":60,"column":45}},"loc":{"start":{"line":61,"column":4},"end":{"line":61,"column":123}},"line":61},"20":{"name":"(anonymous_20)","decl":{"start":{"line":63,"column":40},"end":{"line":63,"column":41}},"loc":{"start":{"line":64,"column":4},"end":{"line":64,"column":119}},"line":64},"21":{"name":"(anonymous_21)","decl":{"start":{"line":66,"column":52},"end":{"line":66,"column":53}},"loc":{"start":{"line":67,"column":4},"end":{"line":67,"column":131}},"line":67},"22":{"name":"(anonymous_22)","decl":{"start":{"line":69,"column":40},"end":{"line":69,"column":41}},"loc":{"start":{"line":70,"column":4},"end":{"line":70,"column":119}},"line":70},"23":{"name":"(anonymous_23)","decl":{"start":{"line":72,"column":52},"end":{"line":72,"column":53}},"loc":{"start":{"line":73,"column":4},"end":{"line":73,"column":131}},"line":73},"24":{"name":"(anonymous_24)","decl":{"start":{"line":75,"column":46},"end":{"line":75,"column":47}},"loc":{"start":{"line":76,"column":4},"end":{"line":76,"column":125}},"line":76},"25":{"name":"(anonymous_25)","decl":{"start":{"line":78,"column":44},"end":{"line":78,"column":45}},"loc":{"start":{"line":79,"column":4},"end":{"line":79,"column":123}},"line":79},"26":{"name":"(anonymous_26)","decl":{"start":{"line":81,"column":56},"end":{"line":81,"column":57}},"loc":{"start":{"line":82,"column":4},"end":{"line":82,"column":136}},"line":82},"27":{"name":"(anonymous_27)","decl":{"start":{"line":84,"column":48},"end":{"line":84,"column":49}},"loc":{"start":{"line":85,"column":4},"end":{"line":85,"column":127}},"line":85},"28":{"name":"(anonymous_28)","decl":{"start":{"line":87,"column":44},"end":{"line":87,"column":45}},"loc":{"start":{"line":88,"column":4},"end":{"line":88,"column":123}},"line":88},"29":{"name":"(anonymous_29)","decl":{"start":{"line":90,"column":58},"end":{"line":90,"column":59}},"loc":{"start":{"line":91,"column":4},"end":{"line":91,"column":137}},"line":91},"30":{"name":"(anonymous_30)","decl":{"start":{"line":93,"column":40},"end":{"line":93,"column":41}},"loc":{"start":{"line":94,"column":4},"end":{"line":94,"column":119}},"line":94},"31":{"name":"(anonymous_31)","decl":{"start":{"line":96,"column":40},"end":{"line":96,"column":41}},"loc":{"start":{"line":97,"column":4},"end":{"line":97,"column":119}},"line":97},"32":{"name":"(anonymous_32)","decl":{"start":{"line":99,"column":40},"end":{"line":99,"column":41}},"loc":{"start":{"line":100,"column":4},"end":{"line":100,"column":119}},"line":100},"33":{"name":"(anonymous_33)","decl":{"start":{"line":102,"column":44},"end":{"line":102,"column":45}},"loc":{"start":{"line":103,"column":4},"end":{"line":103,"column":123}},"line":103},"34":{"name":"(anonymous_34)","decl":{"start":{"line":105,"column":48},"end":{"line":105,"column":49}},"loc":{"start":{"line":106,"column":4},"end":{"line":106,"column":127}},"line":106},"35":{"name":"(anonymous_35)","decl":{"start":{"line":108,"column":38},"end":{"line":108,"column":39}},"loc":{"start":{"line":109,"column":4},"end":{"line":109,"column":117}},"line":109},"36":{"name":"(anonymous_36)","decl":{"start":{"line":111,"column":40},"end":{"line":111,"column":41}},"loc":{"start":{"line":112,"column":4},"end":{"line":112,"column":119}},"line":112},"37":{"name":"(anonymous_37)","decl":{"start":{"line":114,"column":40},"end":{"line":114,"column":41}},"loc":{"start":{"line":115,"column":4},"end":{"line":115,"column":119}},"line":115},"38":{"name":"(anonymous_38)","decl":{"start":{"line":117,"column":36},"end":{"line":117,"column":37}},"loc":{"start":{"line":118,"column":4},"end":{"line":118,"column":115}},"line":118},"39":{"name":"(anonymous_39)","decl":{"start":{"line":120,"column":42},"end":{"line":120,"column":43}},"loc":{"start":{"line":121,"column":4},"end":{"line":121,"column":121}},"line":121},"40":{"name":"(anonymous_40)","decl":{"start":{"line":123,"column":46},"end":{"line":123,"column":47}},"loc":{"start":{"line":124,"column":4},"end":{"line":124,"column":125}},"line":124},"41":{"name":"(anonymous_41)","decl":{"start":{"line":126,"column":42},"end":{"line":126,"column":43}},"loc":{"start":{"line":127,"column":4},"end":{"line":127,"column":121}},"line":127},"42":{"name":"(anonymous_42)","decl":{"start":{"line":129,"column":46},"end":{"line":129,"column":47}},"loc":{"start":{"line":130,"column":4},"end":{"line":130,"column":125}},"line":130},"43":{"name":"(anonymous_43)","decl":{"start":{"line":132,"column":40},"end":{"line":132,"column":41}},"loc":{"start":{"line":133,"column":4},"end":{"line":133,"column":119}},"line":133},"44":{"name":"(anonymous_44)","decl":{"start":{"line":135,"column":54},"end":{"line":135,"column":55}},"loc":{"start":{"line":136,"column":4},"end":{"line":136,"column":133}},"line":136},"45":{"name":"(anonymous_45)","decl":{"start":{"line":138,"column":40},"end":{"line":138,"column":41}},"loc":{"start":{"line":139,"column":4},"end":{"line":139,"column":119}},"line":139},"46":{"name":"(anonymous_46)","decl":{"start":{"line":141,"column":50},"end":{"line":141,"column":51}},"loc":{"start":{"line":142,"column":4},"end":{"line":142,"column":129}},"line":142},"47":{"name":"(anonymous_47)","decl":{"start":{"line":144,"column":40},"end":{"line":144,"column":41}},"loc":{"start":{"line":145,"column":4},"end":{"line":145,"column":119}},"line":145},"48":{"name":"(anonymous_48)","decl":{"start":{"line":147,"column":42},"end":{"line":147,"column":43}},"loc":{"start":{"line":148,"column":4},"end":{"line":148,"column":121}},"line":148},"49":{"name":"(anonymous_49)","decl":{"start":{"line":150,"column":42},"end":{"line":150,"column":43}},"loc":{"start":{"line":151,"column":4},"end":{"line":151,"column":121}},"line":151},"50":{"name":"(anonymous_50)","decl":{"start":{"line":153,"column":46},"end":{"line":153,"column":47}},"loc":{"start":{"line":154,"column":4},"end":{"line":154,"column":125}},"line":154},"51":{"name":"(anonymous_51)","decl":{"start":{"line":156,"column":40},"end":{"line":156,"column":41}},"loc":{"start":{"line":157,"column":4},"end":{"line":157,"column":119}},"line":157},"52":{"name":"(anonymous_52)","decl":{"start":{"line":159,"column":40},"end":{"line":159,"column":41}},"loc":{"start":{"line":160,"column":4},"end":{"line":160,"column":119}},"line":160},"53":{"name":"(anonymous_53)","decl":{"start":{"line":162,"column":54},"end":{"line":162,"column":55}},"loc":{"start":{"line":163,"column":4},"end":{"line":163,"column":134}},"line":163},"54":{"name":"(anonymous_54)","decl":{"start":{"line":165,"column":46},"end":{"line":165,"column":47}},"loc":{"start":{"line":166,"column":4},"end":{"line":166,"column":125}},"line":166},"55":{"name":"(anonymous_55)","decl":{"start":{"line":168,"column":44},"end":{"line":168,"column":45}},"loc":{"start":{"line":169,"column":4},"end":{"line":169,"column":123}},"line":169},"56":{"name":"(anonymous_56)","decl":{"start":{"line":171,"column":40},"end":{"line":171,"column":41}},"loc":{"start":{"line":172,"column":4},"end":{"line":172,"column":119}},"line":172},"57":{"name":"(anonymous_57)","decl":{"start":{"line":174,"column":42},"end":{"line":174,"column":43}},"loc":{"start":{"line":175,"column":4},"end":{"line":175,"column":121}},"line":175},"58":{"name":"(anonymous_58)","decl":{"start":{"line":177,"column":48},"end":{"line":177,"column":49}},"loc":{"start":{"line":178,"column":4},"end":{"line":178,"column":127}},"line":178},"59":{"name":"(anonymous_59)","decl":{"start":{"line":180,"column":46},"end":{"line":180,"column":47}},"loc":{"start":{"line":181,"column":4},"end":{"line":181,"column":125}},"line":181},"60":{"name":"(anonymous_60)","decl":{"start":{"line":183,"column":42},"end":{"line":183,"column":43}},"loc":{"start":{"line":184,"column":4},"end":{"line":184,"column":121}},"line":184},"61":{"name":"(anonymous_61)","decl":{"start":{"line":186,"column":44},"end":{"line":186,"column":45}},"loc":{"start":{"line":187,"column":4},"end":{"line":187,"column":123}},"line":187},"62":{"name":"(anonymous_62)","decl":{"start":{"line":189,"column":44},"end":{"line":189,"column":45}},"loc":{"start":{"line":190,"column":4},"end":{"line":190,"column":123}},"line":190},"63":{"name":"(anonymous_63)","decl":{"start":{"line":192,"column":48},"end":{"line":192,"column":49}},"loc":{"start":{"line":193,"column":4},"end":{"line":193,"column":127}},"line":193},"64":{"name":"(anonymous_64)","decl":{"start":{"line":195,"column":42},"end":{"line":195,"column":43}},"loc":{"start":{"line":196,"column":4},"end":{"line":196,"column":121}},"line":196},"65":{"name":"(anonymous_65)","decl":{"start":{"line":198,"column":40},"end":{"line":198,"column":41}},"loc":{"start":{"line":199,"column":4},"end":{"line":199,"column":119}},"line":199},"66":{"name":"(anonymous_66)","decl":{"start":{"line":201,"column":38},"end":{"line":201,"column":39}},"loc":{"start":{"line":202,"column":4},"end":{"line":202,"column":117}},"line":202},"67":{"name":"(anonymous_67)","decl":{"start":{"line":204,"column":42},"end":{"line":204,"column":43}},"loc":{"start":{"line":205,"column":4},"end":{"line":205,"column":121}},"line":205},"68":{"name":"(anonymous_68)","decl":{"start":{"line":207,"column":46},"end":{"line":207,"column":47}},"loc":{"start":{"line":208,"column":4},"end":{"line":208,"column":125}},"line":208},"69":{"name":"(anonymous_69)","decl":{"start":{"line":210,"column":46},"end":{"line":210,"column":47}},"loc":{"start":{"line":211,"column":4},"end":{"line":211,"column":125}},"line":211},"70":{"name":"(anonymous_70)","decl":{"start":{"line":213,"column":42},"end":{"line":213,"column":43}},"loc":{"start":{"line":214,"column":4},"end":{"line":214,"column":121}},"line":214},"71":{"name":"(anonymous_71)","decl":{"start":{"line":216,"column":54},"end":{"line":216,"column":55}},"loc":{"start":{"line":217,"column":4},"end":{"line":217,"column":133}},"line":217},"72":{"name":"(anonymous_72)","decl":{"start":{"line":219,"column":48},"end":{"line":219,"column":49}},"loc":{"start":{"line":220,"column":4},"end":{"line":220,"column":127}},"line":220},"73":{"name":"(anonymous_73)","decl":{"start":{"line":222,"column":42},"end":{"line":222,"column":43}},"loc":{"start":{"line":223,"column":4},"end":{"line":223,"column":121}},"line":223},"74":{"name":"(anonymous_74)","decl":{"start":{"line":225,"column":40},"end":{"line":225,"column":41}},"loc":{"start":{"line":226,"column":4},"end":{"line":226,"column":119}},"line":226},"75":{"name":"(anonymous_75)","decl":{"start":{"line":228,"column":50},"end":{"line":228,"column":51}},"loc":{"start":{"line":229,"column":4},"end":{"line":229,"column":129}},"line":229},"76":{"name":"(anonymous_76)","decl":{"start":{"line":231,"column":42},"end":{"line":231,"column":43}},"loc":{"start":{"line":232,"column":4},"end":{"line":232,"column":121}},"line":232},"77":{"name":"(anonymous_77)","decl":{"start":{"line":234,"column":38},"end":{"line":234,"column":39}},"loc":{"start":{"line":235,"column":4},"end":{"line":235,"column":117}},"line":235},"78":{"name":"(anonymous_78)","decl":{"start":{"line":237,"column":48},"end":{"line":237,"column":49}},"loc":{"start":{"line":238,"column":4},"end":{"line":238,"column":127}},"line":238},"79":{"name":"(anonymous_79)","decl":{"start":{"line":240,"column":40},"end":{"line":240,"column":41}},"loc":{"start":{"line":241,"column":4},"end":{"line":241,"column":119}},"line":241},"80":{"name":"(anonymous_80)","decl":{"start":{"line":243,"column":46},"end":{"line":243,"column":47}},"loc":{"start":{"line":244,"column":4},"end":{"line":244,"column":125}},"line":244},"81":{"name":"(anonymous_81)","decl":{"start":{"line":246,"column":42},"end":{"line":246,"column":43}},"loc":{"start":{"lin
[...]
n":110}},"line":310},"103":{"name":"(anonymous_103)","decl":{"start":{"line":312,"column":44},"end":{"line":312,"column":45}},"loc":{"start":{"line":313,"column":4},"end":{"line":313,"column":114}},"line":313},"104":{"name":"(anonymous_104)","decl":{"start":{"line":315,"column":46},"end":{"line":315,"column":47}},"loc":{"start":{"line":316,"column":4},"end":{"line":316,"column":116}},"line":316},"105":{"name":"(anonymous_105)","decl":{"start":{"line":318,"column":42},"end":{"line":318,"column":43}},"loc":{"start":{"line":319,"column":4},"end":{"line":319,"column":112}},"line":319},"106":{"name":"(anonymous_106)","decl":{"start":{"line":321,"column":42},"end":{"line":321,"column":43}},"loc":{"start":{"line":322,"column":4},"end":{"line":322,"column":112}},"line":322},"107":{"name":"(anonymous_107)","decl":{"start":{"line":324,"column":62},"end":{"line":324,"column":63}},"loc":{"start":{"line":325,"column":4},"end":{"line":325,"column":133}},"line":325},"108":{"name":"(anonymous_108)","decl":{"start":{"line":327,"column":42},"end":{"line":327,"column":43}},"loc":{"start":{"line":328,"column":4},"end":{"line":328,"column":112}},"line":328},"109":{"name":"(anonymous_109)","decl":{"start":{"line":330,"column":44},"end":{"line":330,"column":45}},"loc":{"start":{"line":331,"column":4},"end":{"line":331,"column":114}},"line":331},"110":{"name":"(anonymous_110)","decl":{"start":{"line":333,"column":40},"end":{"line":333,"column":41}},"loc":{"start":{"line":334,"column":4},"end":{"line":334,"column":110}},"line":334},"111":{"name":"(anonymous_111)","decl":{"start":{"line":336,"column":40},"end":{"line":336,"column":41}},"loc":{"start":{"line":337,"column":4},"end":{"line":337,"column":110}},"line":337},"112":{"name":"(anonymous_112)","decl":{"start":{"line":339,"column":42},"end":{"line":339,"column":43}},"loc":{"start":{"line":340,"column":4},"end":{"line":340,"column":112}},"line":340},"113":{"name":"(anonymous_113)","decl":{"start":{"line":342,"column":54},"end":{"line":342,"column":55}},"loc":{"start":{"line":343,"column":4},"end":{"line":343,"column":124}},"line":343},"114":{"name":"(anonymous_114)","decl":{"start":{"line":345,"column":44},"end":{"line":345,"column":45}},"loc":{"start":{"line":346,"column":4},"end":{"line":346,"column":114}},"line":346},"115":{"name":"(anonymous_115)","decl":{"start":{"line":348,"column":46},"end":{"line":348,"column":47}},"loc":{"start":{"line":349,"column":4},"end":{"line":349,"column":116}},"line":349},"116":{"name":"(anonymous_116)","decl":{"start":{"line":351,"column":38},"end":{"line":351,"column":39}},"loc":{"start":{"line":352,"column":4},"end":{"line":352,"column":108}},"line":352},"117":{"name":"(anonymous_117)","decl":{"start":{"line":354,"column":46},"end":{"line":354,"column":47}},"loc":{"start":{"line":355,"column":4},"end":{"line":355,"column":116}},"line":355},"118":{"name":"(anonymous_118)","decl":{"start":{"line":357,"column":46},"end":{"line":357,"column":47}},"loc":{"start":{"line":358,"column":4},"end":{"line":358,"column":116}},"line":358},"119":{"name":"(anonymous_119)","decl":{"start":{"line":360,"column":46},"end":{"line":360,"column":47}},"loc":{"start":{"line":361,"column":4},"end":{"line":361,"column":116}},"line":361},"120":{"name":"(anonymous_120)","decl":{"start":{"line":363,"column":52},"end":{"line":363,"column":53}},"loc":{"start":{"line":364,"column":4},"end":{"line":364,"column":122}},"line":364},"121":{"name":"(anonymous_121)","decl":{"start":{"line":366,"column":46},"end":{"line":366,"column":47}},"loc":{"start":{"line":367,"column":4},"end":{"line":367,"column":116}},"line":367},"122":{"name":"(anonymous_122)","decl":{"start":{"line":369,"column":42},"end":{"line":369,"column":43}},"loc":{"start":{"line":370,"column":4},"end":{"line":370,"column":112}},"line":370},"123":{"name":"(anonymous_123)","decl":{"start":{"line":372,"column":52},"end":{"line":372,"column":53}},"loc":{"start":{"line":373,"column":4},"end":{"line":373,"column":123}},"line":373},"124":{"name":"(anonymous_124)","decl":{"start":{"line":375,"column":40},"end":{"line":375,"column":41}},"loc":{"start":{"line":376,"column":4},"end":{"line":376,"column":110}},"line":376},"125":{"name":"(anonymous_125)","decl":{"start":{"line":378,"column":46},"end":{"line":378,"column":47}},"loc":{"start":{"line":379,"column":4},"end":{"line":379,"column":116}},"line":379},"126":{"name":"(anonymous_126)","decl":{"start":{"line":381,"column":44},"end":{"line":381,"column":45}},"loc":{"start":{"line":382,"column":4},"end":{"line":382,"column":114}},"line":382},"127":{"name":"(anonymous_127)","decl":{"start":{"line":384,"column":54},"end":{"line":384,"column":55}},"loc":{"start":{"line":385,"column":4},"end":{"line":385,"column":124}},"line":385},"128":{"name":"(anonymous_128)","decl":{"start":{"line":387,"column":54},"end":{"line":387,"column":55}},"loc":{"start":{"line":388,"column":4},"end":{"line":388,"column":124}},"line":388},"129":{"name":"(anonymous_129)","decl":{"start":{"line":390,"column":46},"end":{"line":390,"column":47}},"loc":{"start":{"line":391,"column":4},"end":{"line":391,"column":116}},"line":391},"130":{"name":"(anonymous_130)","decl":{"start":{"line":393,"column":54},"end":{"line":393,"column":55}},"loc":{"start":{"line":394,"column":4},"end":{"line":394,"column":124}},"line":394},"131":{"name":"(anonymous_131)","decl":{"start":{"line":396,"column":50},"end":{"line":396,"column":51}},"loc":{"start":{"line":397,"column":4},"end":{"line":397,"column":120}},"line":397},"132":{"name":"(anonymous_132)","decl":{"start":{"line":399,"column":40},"end":{"line":399,"column":41}},"loc":{"start":{"line":400,"column":4},"end":{"line":400,"column":110}},"line":400},"133":{"name":"(anonymous_133)","decl":{"start":{"line":402,"column":46},"end":{"line":402,"column":47}},"loc":{"start":{"line":403,"column":4},"end":{"line":403,"column":116}},"line":403},"134":{"name":"(anonymous_134)","decl":{"start":{"line":405,"column":42},"end":{"line":405,"column":43}},"loc":{"start":{"line":406,"column":4},"end":{"line":406,"column":112}},"line":406},"135":{"name":"(anonymous_135)","decl":{"start":{"line":408,"column":46},"end":{"line":408,"column":47}},"loc":{"start":{"line":409,"column":4},"end":{"line":409,"column":116}},"line":409},"136":{"name":"(anonymous_136)","decl":{"start":{"line":411,"column":36},"end":{"line":411,"column":37}},"loc":{"start":{"line":412,"column":4},"end":{"line":412,"column":106}},"line":412},"137":{"name":"(anonymous_137)","decl":{"start":{"line":414,"column":42},"end":{"line":414,"column":43}},"loc":{"start":{"line":415,"column":4},"end":{"line":415,"column":112}},"line":415},"138":{"name":"(anonymous_138)","decl":{"start":{"line":417,"column":36},"end":{"line":417,"column":37}},"loc":{"start":{"line":418,"column":4},"end":{"line":418,"column":106}},"line":418},"139":{"name":"(anonymous_139)","decl":{"start":{"line":420,"column":46},"end":{"line":420,"column":47}},"loc":{"start":{"line":421,"column":4},"end":{"line":421,"column":116}},"line":421},"140":{"name":"(anonymous_140)","decl":{"start":{"line":423,"column":44},"end":{"line":423,"column":45}},"loc":{"start":{"line":424,"column":4},"end":{"line":424,"column":114}},"line":424},"141":{"name":"(anonymous_141)","decl":{"start":{"line":426,"column":44},"end":{"line":426,"column":45}},"loc":{"start":{"line":427,"column":4},"end":{"line":427,"column":114}},"line":427},"142":{"name":"(anonymous_142)","decl":{"start":{"line":429,"column":42},"end":{"line":429,"column":43}},"loc":{"start":{"line":430,"column":4},"end":{"line":430,"column":112}},"line":430},"143":{"name":"(anonymous_143)","decl":{"start":{"line":432,"column":40},"end":{"line":432,"column":41}},"loc":{"start":{"line":433,"column":4},"end":{"line":433,"column":110}},"line":433},"144":{"name":"(anonymous_144)","decl":{"start":{"line":435,"column":50},"end":{"line":435,"column":51}},"loc":{"start":{"line":436,"column":4},"end":{"line":436,"column":120}},"line":436},"145":{"name":"(anonymous_145)","decl":{"start":{"line":438,"column":42},"end":{"line":438,"column":43}},"loc":{"start":{"line":439,"column":4},"end":{"line":439,"column":112}},"line":439},"146":{"name":"(anonymous_146)","decl":{"start":{"line":441,"column":42},"end":{"line":441,"column":43}},"loc":{"start":{"line":442,"column":4},"end":{"line":442,"column":112}},"line":442},"147":{"name":"(anonymous_147)","decl":{"start":{"line":444,"column":40},"end":{"line":444,"column":41}},"loc":{"start":{"line":445,"column":4},"end":{"line":445,"column":110}},"line":445},"148":{"name":"(anonymous_148)","decl":{"start":{"line":447,"column":42},"end":{"line":447,"column":43}},"loc":{"start":{"line":448,"column":4},"end":{"line":448,"column":112}},"line":448},"149":{"name":"(anonymous_149)","decl":{"start":{"line":450,"column":44},"end":{"line":450,"column":45}},"loc":{"start":{"line":451,"column":4},"end":{"line":451,"column":114}},"line":451},"150":{"name":"(anonymous_150)","decl":{"start":{"line":453,"column":46},"end":{"line":453,"column":47}},"loc":{"start":{"line":454,"column":4},"end":{"line":454,"column":116}},"line":454},"151":{"name":"(anonymous_151)","decl":{"start":{"line":456,"column":42},"end":{"line":456,"column":43}},"loc":{"start":{"line":457,"column":4},"end":{"line":457,"column":112}},"line":457},"152":{"name":"(anonymous_152)","decl":{"start":{"line":459,"column":58},"end":{"line":459,"column":59}},"loc":{"start":{"line":460,"column":4},"end":{"line":460,"column":129}},"line":460},"153":{"name":"(anonymous_153)","decl":{"start":{"line":462,"column":52},"end":{"line":462,"column":53}},"loc":{"start":{"line":463,"column":4},"end":{"line":463,"column":122}},"line":463},"154":{"name":"(anonymous_154)","decl":{"start":{"line":465,"column":46},"end":{"line":465,"column":47}},"loc":{"start":{"line":466,"column":4},"end":{"line":466,"column":116}},"line":466},"155":{"name":"(anonymous_155)","decl":{"start":{"line":468,"column":40},"end":{"line":468,"column":41}},"loc":{"start":{"line":469,"column":4},"end":{"line":469,"column":110}},"line":469},"156":{"name":"(anonymous_156)","decl":{"start":{"line":471,"column":52},"end":{"line":471,"column":53}},"loc":{"start":{"line":472,"column":4},"end":{"line":472,"column":123}},"line":472},"157":{"name":"(anonymous_157)","decl":{"start":{"line":474,"column":40},"end":{"line":474,"column":41}},"loc":{"start":{"line":475,"column":4},"end":{"line":475,"column":110}},"line":475},"158":{"name":"(anonymous_158)","decl":{"start":{"line":477,"column":46},"end":{"line":477,"column":47}},"loc":{"start":{"line":478,"column":4},"end":{"line":478,"column":116}},"line":478},"159":{"name":"(anonymous_159)","decl":{"start":{"line":480,"column":44},"end":{"line":480,"column":45}},"loc":{"start":{"line":481,"column":4},"end":{"line":481,"column":114}},"line":481},"160":{"name":"(anonymous_160)","decl":{"start":{"line":483,"column":42},"end":{"line":483,"column":43}},"loc":{"start":{"line":484,"column":4},"end":{"line":484,"column":113}},"line":484},"161":{"name":"(anonymous_161)","decl":{"start":{"line":486,"column":58},"end":{"line":486,"column":59}},"loc":{"start":{"line":487,"column":4},"end":{"line":487,"column":129}},"line":487},"162":{"name":"(anonymous_162)","decl":{"start":{"line":489,"column":42},"end":{"line":489,"column":43}},"loc":{"start":{"line":490,"column":4},"end":{"line":490,"column":113}},"line":490},"163":{"name":"(anonymous_163)","decl":{"start":{"line":492,"column":40},"end":{"line":492,"column":41}},"loc":{"start":{"line":493,"column":4},"end":{"line":493,"column":110}},"line":493},"164":{"name":"(anonymous_164)","decl":{"start":{"line":495,"column":40},"end":{"line":495,"column":41}},"loc":{"start":{"line":496,"column":4},"end":{"line":496,"column":110}},"line":496},"165":{"name":"(anonymous_165)","decl":{"start":{"line":498,"column":48},"end":{"line":498,"column":49}},"loc":{"start":{"line":499,"column":4},"end":{"line":499,"column":118}},"line":499},"166":{"name":"(anonymous_166)","decl":{"start":{"line":501,"column":42},"end":{"line":501,"column":43}},"loc":{"start":{"line":502,"column":4},"end":{"line":502,"column":112}},"line":502},"167":{"name":"(anonymous_167)","decl":{"start":{"line":504,"column":40},"end":{"line":504,"column":41}},"loc":{"start":{"line":505,"column":4},"end":{"line":505,"column":110}},"line":505},"168":{"name":"(anonymous_168)","decl":{"start":{"line":507,"column":40},"end":{"line":507,"column":41}},"loc":{"start":{"line":508,"column":4},"end":{"line":508,"column":110}},"line":508},"169":{"name":"(anonymous_169)","decl":{"start":{"line":510,"column":42},"end":{"line":510,"column":43}},"loc":{"start":{"line":511,"column":4},"end":{"line":511,"column":112}},"line":511},"170":{"name":"(anonymous_170)","decl":{"start":{"line":513,"column":54},"end":{"line":513,"column":55}},"loc":{"start":{"line":514,"column":4},"end":{"line":514,"column":124}},"line":514},"171":{"name":"(anonymous_171)","decl":{"start":{"line":516,"column":42},"end":{"line":516,"column":43}},"loc":{"start":{"line":517,"column":4},"end":{"line":517,"column":112}},"line":517},"172":{"name":"(anonymous_172)","decl":{"start":{"line":519,"column":44},"end":{"line":519,"column":45}},"loc":{"start":{"line":520,"column":4},"end":{"line":520,"column":114}},"line":520},"173":{"name":"(anonymous_173)","decl":{"start":{"line":522,"column":50},"end":{"line":522,"column":51}},"loc":{"start":{"line":523,"column":4},"end":{"line":523,"column":120}},"line":523},"174":{"name":"(anonymous_174)","decl":{"start":{"line":525,"column":48},"end":{"line":525,"column":49}},"loc":{"start":{"line":526,"column":4},"end":{"line":526,"column":118}},"line":526},"175":{"name":"(anonymous_175)","decl":{"start":{"line":528,"column":42},"end":{"line":528,"column":43}},"loc":{"start":{"line":529,"column":4},"end":{"line":529,"column":112}},"line":529},"176":{"name":"(anonymous_176)","decl":{"start":{"line":531,"column":40},"end":{"line":531,"column":41}},"loc":{"start":{"line":532,"column":4},"end":{"line":532,"column":110}},"line":532},"177":{"name":"(anonymous_177)","decl":{"start":{"line":534,"column":56},"end":{"line":534,"column":57}},"loc":{"start":{"line":535,"column":4},"end":{"line":535,"column":127}},"line":535},"178":{"name":"(anonymous_178)","decl":{"start":{"line":537,"column":42},"end":{"line":537,"column":43}},"loc":{"start":{"line":538,"column":4},"end":{"line":538,"column":112}},"line":538},"179":{"name":"(anonymous_179)","decl":{"start":{"line":540,"column":42},"end":{"line":540,"column":43}},"loc":{"start":{"line":541,"column":4},"end":{"line":541,"column":112}},"line":541},"180":{"name":"(anonymous_180)","decl":{"start":{"line":543,"column":44},"end":{"line":543,"column":45}},"loc":{"start":{"line":544,"column":4},"end":{"line":544,"column":114}},"line":544},"181":{"name":"(anonymous_181)","decl":{"start":{"line":546,"column":42},"end":{"line":546,"column":43}},"loc":{"start":{"line":547,"column":4},"end":{"line":547,"column":112}},"line":547},"182":{"name":"(anonymous_182)","decl":{"start":{"line":549,"column":46},"end":{"line":549,"column":47}},"loc":{"start":{"line":550,"column":4},"end":{"line":550,"column":116}},"line":550},"183":{"name":"(anonymous_183)","decl":{"start":{"line":552,"column":42},"end":{"line":552,"column":43}},"loc":{"start":{"line":553,"column":4},"end":{"line":553,"column":112}},"line":553}},"branchMap":{},"s":{"0":0,"1":0,"2":0,"3":0,"4":0,"5":0,"6":0,"7":0,"8":0,"9":0,"10":0,"11":0,"12":0,"13":0,"14":0,"15":0,"16":0,"17":0,"18":0,"19":0,"20":0,"21":0,"22":0,"23":0,"24":0,"25":0,"26":0,"27":0,"28":0,"29":0,"30":0,"31":0,"32":0,"33":0,"34":0,"35":0,"36":0,"37":0,"38":0,"39":0,"40":0,"41":0,"42":0,"43":0,"44":0,"45":0,"46":0,"47":1,"48":0,"49":0,"50":0,"51":0,"52":0,"53":0,"54":0,"55":0,"56":0,"57":0,"58":0,"59":0,"60":0,"61":0,"62":0,"63":0,"64":0,"65":0,"66":0,"67":0,"68":0,"69":0,"70":0,"71":0,"72":0,"73":0,"74":0,"75":1,"76":0,"77":0,"78":0,"79":0,"80":0,"81":0,"82":0,"83":0,"84":0,"85":1,"86":0,"87":0,"88":0,"89":0,"90":0,"91":0,"92":0,"93":0,"94":0,"95":0,"96":0,"97":0,"98":0,"99":0,"100":0,"101":0,"102":0,"103":0,"104":0,"105":0,"106":0,"107":0,"108":0,"109":0,"110":0,"111":0,"112":0,"113":0,"114":0,"115":0,"116":0,"117":0,"118":0,"119":0,"120":0,"121":0,"122":0,"123":0,"124":0,"125":0,"126":0,"127":0,"128":0,"129":0,"130":0,"131":0,"132":0,"133":0,"134":0,"135":2,"136":0,"137":0,"138":0,"139":0,"140":0,"141":0,"142":0,"143":0,"144":0,"145":0,"146":0,"147":0,"148":0,"149":0,"150":0,"151":0,"152":0,"153":0,"154":0,"155":0,"156":0,"157":0,"158":0,"159":0,"160":0,"161":0,"162":0,"163":0,"164":0,"165":0,"166":0,"167":0,"168":0,"169":0,"170":0,"171":0,"172":0,"173":0,"174":0,"175":0,"176":0,"177":0,"178":0,"179":0,"180":0,"181":0,"182":0,"183":0},"f":{"0":0,"1":0,"2":0,"3":0,"4":0,"5":0,"6":0,"7":0,"8":0,"9":0,"10":0,"11":0,"12":0,"13":0,"14":0,"15":0,"16":0,"17":0,"18":0,"19":0,"20":0,"21":0,"22":0,"23":0,"24":0,"25":0,"26":0,"27":0,"28":0,"29":0,"30":0,"31":0,"32":0,"33":0,"34":0,"35":0,"36":0,"37":0,"38":0,"39":0,"40":0,"41":0,"42":0,"43":0,"44":0,"45":0,"46":0,"47":1,"48":0,"49":0,"50":0,"51":0,"52":0,"53":0,"54":0,"55":0,"56":0,"57":0,"58":0,"59":0,"60":0,"61":0,"62":0,"63":0,"64":0,"65":0,"66":0,"67":0,"68":0,"69":0,"70":0,"71":0,"72":0,"73":0,"74":0,"75":1,"76":0,"77":0,"78":0,"79":0,"80":0,"81":0,"82":0,"83":0,"84":0,"85":1,"86":0,"87":0,"88":0,"89":0,"90":0,"91":0,"92":0,"93":0,"94":0,"95":0,"96":0,"97":0,"98":0,"99":0,"100":0,"101":0,"102":0,"103":0,"104":0,"105":0,"106":0,"107":0,"108":0,"109":0,"110":0,"111":0,"112":0,"113":0,"114":0,"115":0,"116":0,"117":0,"118":0,"119":0,"120":0,"121":0,"122":0,"123":0,"124":0,"125":0,"126":0,"127":0,"128":0,"129":0,"130":0,"131":0,"132":0,"133":0,"134":0,"135":2,"136":0,"137":0,"138":0,"139":0,"140":0,"141":0,"142":0,"143":0,"144":0,"145":0,"146":0,"147":0,"148":0,"149":0,"150":0,"151":0,"152":0,"153":0,"154":0,"155":0,"156":0,"157":0,"158":0,"159":0,"160":0,"161":0,"162":0,"163":0,"164":0,"165":0,"166":0,"167":0,"168":0,"169":0,"170":0,"171":0,"172":0,"173":0,"174":0,"175":0,"176":0,"177":0,"178":0,"179":0,"180":0,"181":0,"182":0,"183":0},"b":{},"_coverageSchema":"1a1c01bbd47fc00a2c39e90264f33305004495a9","hash":"c1300df719831426cf3db2165d6d13509a15e70e"}
,"/Users/conorhastings/dev/react-syntax-highlighter/src/languages/hljs/supported-languages.js": {"path":"/Users/conorhastings/dev/react-syntax-highlighter/src/languages/hljs/supported-languages.js","statementMap":{},"fnMap":{},"branchMap":{},"s":{},"f":{},"b":{},"_coverageSchema":"1a1c01bbd47fc00a2c39e90264f33305004495a9","hash":"481bc94d2f8281ca53919833b9aa68651d2f329a"}
,"/Users/conorhastings/dev/react-syntax-highlighter/src/languages/prism/jsx.js": {"path":"/Users/conorhastings/dev/react-syntax-highlighter/src/languages/prism/jsx.js","statementMap":{},"fnMap":{},"branchMap":{},"s":{},"f":{},"b":{},"_coverageSchema":"1a1c01bbd47fc00a2c39e90264f33305004495a9","hash":"9bed754035a60a4333084a919eb2e34dfaff9115"}
,"/Users/conorhastings/dev/react-syntax-highlighter/src/languages/prism/supported-languages.js": {"path":"/Users/conorhastings/dev/react-syntax-highlighter/src/languages/prism/supported-languages.js","statementMap":{},"fnMap":{},"branchMap":{},"s":{},"f":{},"b":{},"_coverageSchema":"1a1c01bbd47fc00a2c39e90264f33305004495a9","hash":"5267170639695b99e13972264c8f47c93f72c23c"}
,"/Users/conorhastings/dev/react-syntax-highlighter/src/styles/hljs/default-style.js": {"path":"/Users/conorhastings/dev/react-syntax-highlighter/src/styles/hljs/default-style.js","statementMap":{},"fnMap":{},"branchMap":{},"s":{},"f":{},"b":{},"_coverageSchema":"1a1c01bbd47fc00a2c39e90264f33305004495a9","hash":"6ff8afea9058746a6a48eecf9c34351486106b9e"}
,"/Users/conorhastings/dev/react-syntax-highlighter/src/styles/prism/prism.js": {"path":"/Users/conorhastings/dev/react-syntax-highlighter/src/styles/prism/prism.js","statementMap":{},"fnMap":{},"branchMap":{},"s":{},"f":{},"b":{},"_coverageSchema":"1a1c01bbd47fc00a2c39e90264f33305004495a9","hash":"8c2b60a90a121ec335d5f68b944b76be8117df2b"}
}
