TN:
SF:src/async-syntax-highlighter.js
FN:4,(anonymous_0)
FN:21,(anonymous_1)
FN:25,(anonymous_2)
FN:35,(anonymous_3)
FN:42,(anonymous_4)
FN:61,(anonymous_5)
FN:79,(anonymous_6)
FN:81,(anonymous_7)
FN:85,(anonymous_8)
FN:95,(anonymous_9)
FN:104,(anonymous_10)
FN:110,(anonymous_11)
FN:123,(anonymous_12)
FN:131,(anonymous_13)
FN:134,(anonymous_14)
FN:139,(anonymous_15)
FN:145,(anonymous_16)
FNF:17
FNH:17
FNDA:52,(anonymous_0)
FNDA:6,(anonymous_1)
FNDA:7,(anonymous_2)
FNDA:18,(anonymous_3)
FNDA:39,(anonymous_4)
FNDA:8,(anonymous_5)
FNDA:11,(anonymous_6)
FNDA:10,(anonymous_7)
FNDA:3,(anonymous_8)
FNDA:7,(anonymous_9)
FNDA:11,(anonymous_10)
FNDA:2,(anonymous_11)
FNDA:7,(anonymous_12)
FNDA:5,(anonymous_13)
FNDA:2,(anonymous_14)
FNDA:18,(anonymous_15)
FNDA:18,(anonymous_16)
DA:11,52
DA:14,52
DA:15,52
DA:16,52
DA:17,52
DA:19,52
DA:22,6
DA:26,7
DA:28,7
DA:29,5
DA:31,2
DA:36,18
DA:42,52
DA:43,39
DA:44,8
DA:47,31
DA:48,1
DA:53,30
DA:55,4
DA:58,26
DA:61,52
DA:62,8
DA:63,1
DA:68,7
DA:69,5
DA:75,2
DA:80,11
DA:82,10
DA:84,10
DA:85,7
DA:86,3
DA:92,11
DA:96,7
DA:100,0
DA:105,11
DA:106,2
DA:109,11
DA:110,2
DA:111,2
DA:115,11
DA:119,7
DA:124,7
DA:126,7
DA:127,0
DA:130,7
DA:132,5
DA:135,2
DA:140,18
DA:146,18
DA:156,52
LF:50
LH:48
BRDA:19,0,0,52
BRDA:19,0,1,38
BRDA:19,1,0,38
BRDA:19,1,1,9
BRDA:28,2,0,5
BRDA:28,2,1,2
BRDA:37,3,0,18
BRDA:37,3,1,7
BRDA:43,4,0,8
BRDA:43,4,1,31
BRDA:47,5,0,1
BRDA:47,5,1,30
BRDA:53,6,0,4
BRDA:53,6,1,26
BRDA:62,7,0,1
BRDA:62,7,1,7
BRDA:68,8,0,5
BRDA:68,8,1,2
BRDA:84,9,0,7
BRDA:84,9,1,3
BRDA:96,10,0,0
BRDA:96,10,1,7
BRDA:97,11,0,7
BRDA:97,11,1,0
BRDA:105,12,0,2
BRDA:105,12,1,9
BRDA:109,13,0,2
BRDA:109,13,1,9
BRDA:115,14,0,7
BRDA:115,14,1,4
BRDA:116,15,0,11
BRDA:116,15,1,7
BRDA:126,16,0,0
BRDA:126,16,1,7
BRDA:140,17,0,16
BRDA:140,17,1,2
BRF:36
BRH:33
end_of_record
TN:
SF:src/create-element.js
FN:3,createStyleObject
FN:4,(anonymous_1)
FN:9,createClassNameString
FN:13,createChildren
FN:15,(anonymous_4)
FN:17,(anonymous_5)
FN:28,createElement
FN:43,(anonymous_7)
FNF:8
FNH:8
FNDA:2126,createStyleObject
FNDA:1836,(anonymous_1)
FNDA:941,createClassNameString
FNDA:2180,createChildren
FNDA:2180,(anonymous_4)
FNDA:2381,(anonymous_5)
FNDA:4566,createElement
FNDA:1836,(anonymous_7)
DA:4,2126
DA:5,1836
DA:10,941
DA:14,2180
DA:15,2180
DA:16,2180
DA:17,2180
DA:18,2381
DA:35,4566
DA:36,4566
DA:37,2386
DA:38,2180
DA:39,2180
DA:41,2180
DA:43,1836
DA:45,2180
DA:48,2180
DA:62,2180
DA:63,2180
LF:19
LH:19
BRDA:3,0,0,0
BRDA:31,1,0,4566
BRDA:36,2,0,2386
BRDA:36,2,1,2180
BRDA:38,3,0,2180
BRDA:38,3,1,0
BRDA:41,4,0,2180
BRDA:41,4,1,2126
BRDA:41,4,2,2126
BRDA:45,5,0,887
BRDA:45,5,1,1293
BRDA:45,6,0,2180
BRDA:45,6,1,2126
BRDA:48,7,0,2126
BRDA:48,7,1,54
BRDA:51,8,0,2126
BRDA:51,8,1,887
BRF:17
BRH:15
end_of_record
TN:
SF:src/default-highlight.js
FNF:0
FNH:0
DA:6,13
DA:7,13
LF:2
LH:2
BRF:0
BRH:0
end_of_record
TN:
SF:src/highlight.js
FN:5,getNewLines
FN:9,getAllLineNumbers
FN:10,(anonymous_2)
FN:24,AllLineNumbers
FN:42,getEmWidthOfNumber
FN:47,getInlineLineNumber
FN:69,assembleLineNumberStyles
FN:91,createLineElement
FN:122,flattenCodeTree
FN:140,processLines
FN:155,createWrappedLine
FN:167,createUnwrappedLine
FN:178,createLine
FN:191,(anonymous_13)
FN:259,defaultRenderer
FN:260,(anonymous_15)
FN:270,getCodeTree
FN:290,(anonymous_17)
FN:291,SyntaxHighlighter
FNF:19
FNH:16
FNDA:2122,getNewLines
FNDA:4,getAllLineNumbers
FNDA:40,(anonymous_2)
FNDA:4,AllLineNumbers
FNDA:0,getEmWidthOfNumber
FNDA:0,getInlineLineNumber
FNDA:0,assembleLineNumberStyles
FNDA:2464,createLineElement
FNDA:1131,flattenCodeTree
FNDA:37,processLines
FNDA:58,createWrappedLine
FNDA:501,createUnwrappedLine
FNDA:559,createLine
FNDA:806,(anonymous_13)
FNDA:37,defaultRenderer
FNDA:2185,(anonymous_15)
FNDA:37,getCodeTree
FNDA:105,(anonymous_17)
FNDA:39,SyntaxHighlighter
DA:4,17
DA:6,2122
DA:10,4
DA:11,40
DA:12,40
DA:31,4
DA:43,0
DA:44,0
DA:48,0
DA:71,0
DA:80,0
DA:84,0
DA:88,0
DA:101,2464
DA:102,2464
DA:106,2464
DA:107,0
DA:111,0
DA:114,2464
DA:123,1131
DA:124,2958
DA:125,2958
DA:126,1864
DA:132,1094
DA:133,1094
DA:134,1094
DA:137,1131
DA:150,37
DA:151,37
DA:152,37
DA:153,37
DA:156,58
DA:168,501
DA:169,0
DA:173,0
DA:175,501
DA:179,559
DA:184,37
DA:185,2122
DA:186,2122
DA:187,2122
DA:189,2122
DA:190,284
DA:191,284
DA:193,806
DA:194,806
DA:197,806
DA:198,284
DA:205,284
DA:206,284
DA:209,522
DA:211,284
DA:214,284
DA:215,258
DA:216,258
DA:220,258
DA:222,26
DA:223,26
DA:228,26
DA:233,238
DA:234,238
DA:239,238
DA:242,284
DA:244,2122
DA:247,37
DA:248,11
DA:249,11
DA:250,11
DA:251,11
DA:252,11
DA:256,37
DA:260,37
DA:261,2185
DA:271,37
DA:272,26
DA:273,26
DA:274,2
DA:275,24
DA:276,13
DA:278,11
DA:281,11
DA:282,11
DA:286,1
DA:291,105
DA:312,39
DA:314,39
DA:324,39
DA:326,39
DA:332,39
DA:333,2
DA:345,37
DA:346,37
DA:347,37
DA:348,37
DA:354,37
DA:355,3
DA:359,37
DA:361,37
DA:372,37
LF:99
LH:88
BRDA:16,0,0,10
BRDA:16,0,1,30
BRDA:27,1,0,4
BRDA:28,2,0,0
BRDA:80,3,0,0
BRDA:80,3,1,0
BRDA:98,4,0,0
BRDA:101,5,0,2464
BRDA:101,5,1,2406
BRDA:101,6,0,36
BRDA:101,6,1,2428
BRDA:102,7,0,20
BRDA:102,7,1,2444
BRDA:106,8,0,0
BRDA:106,8,1,2464
BRDA:106,9,0,2464
BRDA:106,9,1,1
BRDA:122,10,0,37
BRDA:122,11,0,1131
BRDA:125,12,0,1864
BRDA:125,12,1,1094
BRDA:132,13,0,1094
BRDA:132,13,1,0
BRDA:155,14,0,0
BRDA:168,15,0,0
BRDA:168,15,1,501
BRDA:168,16,0,501
BRDA:168,16,1,54
BRDA:178,17,0,295
BRDA:179,18,0,58
BRDA:179,18,1,501
BRDA:189,19,0,284
BRDA:189,19,1,1838
BRDA:193,20,0,806
BRDA:193,20,1,68
BRDA:197,21,0,284
BRDA:197,21,1,522
BRDA:209,22,0,284
BRDA:209,22,1,238
BRDA:211,23,0,284
BRDA:211,23,1,258
BRDA:211,23,2,258
BRDA:214,24,0,258
BRDA:214,24,1,26
BRDA:247,25,0,11
BRDA:247,25,1,26
BRDA:249,26,0,11
BRDA:249,26,1,0
BRDA:249,27,0,11
BRDA:249,27,1,11
BRDA:256,28,0,4
BRDA:256,28,1,33
BRDA:271,29,0,26
BRDA:271,29,1,11
BRDA:272,30,0,26
BRDA:272,30,1,19
BRDA:273,31,0,2
BRDA:273,31,1,24
BRDA:275,32,0,13
BRDA:275,32,1,11
BRDA:282,33,0,10
BRDA:282,33,1,1
BRDA:282,34,0,11
BRDA:282,34,1,11
BRDA:294,35,0,19
BRDA:295,36,0,39
BRDA:296,37,0,38
BRDA:297,38,0,38
BRDA:298,39,0,35
BRDA:299,40,0,39
BRDA:300,41,0,39
BRDA:302,42,0,37
BRDA:304,43,0,36
BRDA:306,44,0,37
BRDA:307,45,0,37
BRDA:308,46,0,39
BRDA:308,47,0,0
BRDA:308,47,1,39
BRDA:312,48,0,39
BRDA:312,48,1,23
BRDA:314,49,0,4
BRDA:314,49,1,35
BRDA:317,50,0,4
BRDA:317,50,1,3
BRDA:324,51,0,39
BRDA:324,51,1,22
BRDA:324,51,2,1
BRDA:326,52,0,38
BRDA:326,52,1,1
BRDA:332,53,0,2
BRDA:332,53,1,37
BRDA:345,54,0,0
BRDA:345,54,1,37
BRDA:345,55,0,37
BRDA:345,55,1,0
BRDA:346,56,0,37
BRDA:346,56,1,37
BRDA:354,57,0,3
BRDA:354,57,1,34
BRDA:375,58,0,37
BRDA:375,58,1,37
BRF:101
BRH:89
end_of_record
TN:
SF:src/index.js
FNF:0
FNH:0
LF:0
LH:0
BRF:0
BRH:0
end_of_record
TN:
SF:src/light-async.js
FN:5,(anonymous_0)
FN:8,(anonymous_1)
FN:12,(anonymous_2)
FN:16,(anonymous_3)
FNF:4
FNH:4
FNDA:4,(anonymous_0)
FNDA:4,(anonymous_1)
FNDA:16,(anonymous_2)
FNDA:3,(anonymous_3)
DA:6,4
DA:10,4
DA:13,16
DA:17,3
LF:4
LH:4
BRDA:10,0,0,4
BRDA:10,0,1,4
BRF:2
BRH:2
end_of_record
TN:
SF:src/light.js
FNF:0
FNH:0
DA:4,13
DA:5,13
LF:2
LH:2
BRF:0
BRH:0
end_of_record
TN:
SF:src/prism-async-light.js
FN:5,(anonymous_0)
FN:8,(anonymous_1)
FN:12,(anonymous_2)
FN:16,(anonymous_3)
FNF:4
FNH:4
FNDA:2,(anonymous_0)
FNDA:2,(anonymous_1)
FNDA:10,(anonymous_2)
FNDA:3,(anonymous_3)
DA:6,2
DA:10,2
DA:13,10
DA:17,3
LF:4
LH:4
BRDA:10,0,0,2
BRDA:10,0,1,2
BRF:2
BRH:2
end_of_record
TN:
SF:src/prism-async.js
FN:5,(anonymous_0)
FN:8,(anonymous_1)
FNF:2
FNH:2
FNDA:2,(anonymous_0)
FNDA:2,(anonymous_1)
DA:6,2
DA:10,2
LF:2
LH:2
BRDA:10,0,0,2
BRDA:10,0,1,2
BRF:2
BRH:2
end_of_record
TN:
SF:src/prism-light.js
FN:5,(anonymous_0)
FNF:1
FNH:1
FNDA:1,(anonymous_0)
DA:4,13
DA:5,13
DA:6,1
LF:3
LH:3
BRF:0
BRH:0
end_of_record
TN:
SF:src/prism.js
FNF:0
FNH:0
DA:6,14
DA:7,14
LF:2
LH:2
BRF:0
BRH:0
end_of_record
TN:
SF:src/async-languages/create-language-async-loader.js
FN:1,(anonymous_0)
FN:2,(anonymous_1)
FNF:2
FNH:2
FNDA:5350,(anonymous_0)
FNDA:8,(anonymous_1)
DA:2,5350
DA:3,8
DA:4,8
LF:3
LH:3
BRDA:4,0,0,8
BRDA:4,0,1,8
BRF:2
BRH:2
end_of_record
TN:
SF:src/async-languages/hljs.js
FN:3,(anonymous_0)
FN:6,(anonymous_1)
FN:9,(anonymous_2)
FN:12,(anonymous_3)
FN:15,(anonymous_4)
FN:18,(anonymous_5)
FN:21,(anonymous_6)
FN:24,(anonymous_7)
FN:27,(anonymous_8)
FN:30,(anonymous_9)
FN:33,(anonymous_10)
FN:36,(anonymous_11)
FN:39,(anonymous_12)
FN:42,(anonymous_13)
FN:45,(anonymous_14)
FN:48,(anonymous_15)
FN:51,(anonymous_16)
FN:54,(anonymous_17)
FN:57,(anonymous_18)
FN:60,(anonymous_19)
FN:63,(anonymous_20)
FN:66,(anonymous_21)
FN:69,(anonymous_22)
FN:72,(anonymous_23)
FN:75,(anonymous_24)
FN:78,(anonymous_25)
FN:81,(anonymous_26)
FN:84,(anonymous_27)
FN:87,(anonymous_28)
FN:90,(anonymous_29)
FN:93,(anonymous_30)
FN:96,(anonymous_31)
FN:99,(anonymous_32)
FN:102,(anonymous_33)
FN:105,(anonymous_34)
FN:108,(anonymous_35)
FN:111,(anonymous_36)
FN:114,(anonymous_37)
FN:117,(anonymous_38)
FN:120,(anonymous_39)
FN:123,(anonymous_40)
FN:126,(anonymous_41)
FN:129,(anonymous_42)
FN:132,(anonymous_43)
FN:135,(anonymous_44)
FN:138,(anonymous_45)
FN:141,(anonymous_46)
FN:144,(anonymous_47)
FN:147,(anonymous_48)
FN:150,(anonymous_49)
FN:153,(anonymous_50)
FN:156,(anonymous_51)
FN:159,(anonymous_52)
FN:162,(anonymous_53)
FN:165,(anonymous_54)
FN:168,(anonymous_55)
FN:171,(anonymous_56)
FN:174,(anonymous_57)
FN:177,(anonymous_58)
FN:180,(anonymous_59)
FN:183,(anonymous_60)
FN:186,(anonymous_61)
FN:189,(anonymous_62)
FN:192,(anonymous_63)
FN:195,(anonymous_64)
FN:198,(anonymous_65)
FN:201,(anonymous_66)
FN:204,(anonymous_67)
FN:207,(anonymous_68)
FN:210,(anonymous_69)
FN:213,(anonymous_70)
FN:216,(anonymous_71)
FN:219,(anonymous_72)
FN:222,(anonymous_73)
FN:225,(anonymous_74)
FN:228,(anonymous_75)
FN:231,(anonymous_76)
FN:234,(anonymous_77)
FN:237,(anonymous_78)
FN:240,(anonymous_79)
FN:243,(anonymous_80)
FN:246,(anonymous_81)
FN:249,(anonymous_82)
FN:252,(anonymous_83)
FN:255,(anonymous_84)
FN:258,(anonymous_85)
FN:261,(anonymous_86)
FN:264,(anonymous_87)
FN:267,(anonymous_88)
FN:270,(anonymous_89)
FN:273,(anonymous_90)
FN:276,(anonymous_91)
FN:279,(anonymous_92)
FN:282,(anonymous_93)
FN:285,(anonymous_94)
FN:288,(anonymous_95)
FN:291,(anonymous_96)
FN:294,(anonymous_97)
FN:297,(anonymous_98)
FN:300,(anonymous_99)
FN:303,(anonymous_100)
FN:306,(anonymous_101)
FN:309,(anonymous_102)
FN:312,(anonymous_103)
FN:315,(anonymous_104)
FN:318,(anonymous_105)
FN:321,(anonymous_106)
FN:324,(anonymous_107)
FN:327,(anonymous_108)
FN:330,(anonymous_109)
FN:333,(anonymous_110)
FN:336,(anonymous_111)
FN:339,(anonymous_112)
FN:342,(anonymous_113)
FN:345,(anonymous_114)
FN:348,(anonymous_115)
FN:351,(anonymous_116)
FN:354,(anonymous_117)
FN:357,(anonymous_118)
FN:360,(anonymous_119)
FN:363,(anonymous_120)
FN:366,(anonymous_121)
FN:369,(anonymous_122)
FN:372,(anonymous_123)
FN:375,(anonymous_124)
FN:378,(anonymous_125)
FN:381,(anonymous_126)
FN:384,(anonymous_127)
FN:387,(anonymous_128)
FN:390,(anonymous_129)
FN:393,(anonymous_130)
FN:396,(anonymous_131)
FN:399,(anonymous_132)
FN:402,(anonymous_133)
FN:405,(anonymous_134)
FN:408,(anonymous_135)
FN:411,(anonymous_136)
FN:414,(anonymous_137)
FN:417,(anonymous_138)
FN:420,(anonymous_139)
FN:423,(anonymous_140)
FN:426,(anonymous_141)
FN:429,(anonymous_142)
FN:432,(anonymous_143)
FN:435,(anonymous_144)
FN:438,(anonymous_145)
FN:441,(anonymous_146)
FN:444,(anonymous_147)
FN:447,(anonymous_148)
FN:450,(anonymous_149)
FN:453,(anonymous_150)
FN:456,(anonymous_151)
FN:459,(anonymous_152)
FN:462,(anonymous_153)
FN:465,(anonymous_154)
FN:468,(anonymous_155)
FN:471,(anonymous_156)
FN:474,(anonymous_157)
FN:477,(anonymous_158)
FN:480,(anonymous_159)
FN:483,(anonymous_160)
FN:486,(anonymous_161)
FN:489,(anonymous_162)
FN:492,(anonymous_163)
FN:495,(anonymous_164)
FN:498,(anonymous_165)
FN:501,(anonymous_166)
FN:504,(anonymous_167)
FN:507,(anonymous_168)
FN:510,(anonymous_169)
FN:513,(anonymous_170)
FN:516,(anonymous_171)
FN:519,(anonymous_172)
FN:522,(anonymous_173)
FN:525,(anonymous_174)
FN:528,(anonymous_175)
FN:531,(anonymous_176)
FN:534,(anonymous_177)
FN:537,(anonymous_178)
FN:540,(anonymous_179)
FN:543,(anonymous_180)
FN:546,(anonymous_181)
FN:549,(anonymous_182)
FN:552,(anonymous_183)
FN:555,(anonymous_184)
FNF:185
FNH:3
FNDA:0,(anonymous_0)
FNDA:0,(anonymous_1)
FNDA:0,(anonymous_2)
FNDA:0,(anonymous_3)
FNDA:0,(anonymous_4)
FNDA:0,(anonymous_5)
FNDA:0,(anonymous_6)
FNDA:0,(anonymous_7)
FNDA:0,(anonymous_8)
FNDA:0,(anonymous_9)
FNDA:0,(anonymous_10)
FNDA:0,(anonymous_11)
FNDA:0,(anonymous_12)
FNDA:0,(anonymous_13)
FNDA:0,(anonymous_14)
FNDA:0,(anonymous_15)
FNDA:0,(anonymous_16)
FNDA:0,(anonymous_17)
FNDA:0,(anonymous_18)
FNDA:0,(anonymous_19)
FNDA:0,(anonymous_20)
FNDA:0,(anonymous_21)
FNDA:0,(anonymous_22)
FNDA:0,(anonymous_23)
FNDA:0,(anonymous_24)
FNDA:0,(anonymous_25)
FNDA:0,(anonymous_26)
FNDA:0,(anonymous_27)
FNDA:0,(anonymous_28)
FNDA:0,(anonymous_29)
FNDA:0,(anonymous_30)
FNDA:0,(anonymous_31)
FNDA:0,(anonymous_32)
FNDA:0,(anonymous_33)
FNDA:0,(anonymous_34)
FNDA:0,(anonymous_35)
FNDA:0,(anonymous_36)
FNDA:0,(anonymous_37)
FNDA:0,(anonymous_38)
FNDA:0,(anonymous_39)
FNDA:0,(anonymous_40)
FNDA:0,(anonymous_41)
FNDA:0,(anonymous_42)
FNDA:0,(anonymous_43)
FNDA:0,(anonymous_44)
FNDA:0,(anonymous_45)
FNDA:0,(anonymous_46)
FNDA:0,(anonymous_47)
FNDA:0,(anonymous_48)
FNDA:0,(anonymous_49)
FNDA:0,(anonymous_50)
FNDA:0,(anonymous_51)
FNDA:0,(anonymous_52)
FNDA:0,(anonymous_53)
FNDA:0,(anonymous_54)
FNDA:0,(anonymous_55)
FNDA:0,(anonymous_56)
FNDA:0,(anonymous_57)
FNDA:1,(anonymous_58)
FNDA:0,(anonymous_59)
FNDA:0,(anonymous_60)
FNDA:0,(anonymous_61)
FNDA:0,(anonymous_62)
FNDA:1,(anonymous_63)
FNDA:0,(anonymous_64)
FNDA:0,(anonymous_65)
FNDA:0,(anonymous_66)
FNDA:0,(anonymous_67)
FNDA:0,(anonymous_68)
FNDA:0,(anonymous_69)
FNDA:0,(anonymous_70)
FNDA:0,(anonymous_71)
FNDA:0,(anonymous_72)
FNDA:0,(anonymous_73)
FNDA:0,(anonymous_74)
FNDA:0,(anonymous_75)
FNDA:0,(anonymous_76)
FNDA:0,(anonymous_77)
FNDA:0,(anonymous_78)
FNDA:0,(anonymous_79)
FNDA:0,(anonymous_80)
FNDA:0,(anonymous_81)
FNDA:0,(anonymous_82)
FNDA:1,(anonymous_83)
FNDA:0,(anonymous_84)
FNDA:0,(anonymous_85)
FNDA:0,(anonymous_86)
FNDA:0,(anonymous_87)
FNDA:0,(anonymous_88)
FNDA:0,(anonymous_89)
FNDA:0,(anonymous_90)
FNDA:0,(anonymous_91)
FNDA:0,(anonymous_92)
FNDA:0,(anonymous_93)
FNDA:0,(anonymous_94)
FNDA:0,(anonymous_95)
FNDA:0,(anonymous_96)
FNDA:0,(anonymous_97)
FNDA:0,(anonymous_98)
FNDA:0,(anonymous_99)
FNDA:0,(anonymous_100)
FNDA:0,(anonymous_101)
FNDA:0,(anonymous_102)
FNDA:0,(anonymous_103)
FNDA:0,(anonymous_104)
FNDA:0,(anonymous_105)
FNDA:0,(anonymous_106)
FNDA:0,(anonymous_107)
FNDA:0,(anonymous_108)
FNDA:0,(anonymous_109)
FNDA:0,(anonymous_110)
FNDA:0,(anonymous_111)
FNDA:0,(anonymous_112)
FNDA:0,(anonymous_113)
FNDA:0,(anonymous_114)
FNDA:0,(anonymous_115)
FNDA:0,(anonymous_116)
FNDA:0,(anonymous_117)
FNDA:0,(anonymous_118)
FNDA:0,(anonymous_119)
FNDA:0,(anonymous_120)
FNDA:0,(anonymous_121)
FNDA:0,(anonymous_122)
FNDA:0,(anonymous_123)
FNDA:0,(anonymous_124)
FNDA:0,(anonymous_125)
FNDA:0,(anonymous_126)
FNDA:0,(anonymous_127)
FNDA:0,(anonymous_128)
FNDA:0,(anonymous_129)
FNDA:0,(anonymous_130)
FNDA:0,(anonymous_131)
FNDA:0,(anonymous_132)
FNDA:0,(anonymous_133)
FNDA:0,(anonymous_134)
FNDA:0,(anonymous_135)
FNDA:0,(anonymous_136)
FNDA:0,(anonymous_137)
FNDA:0,(anonymous_138)
FNDA:0,(anonymous_139)
FNDA:0,(anonymous_140)
FNDA:0,(anonymous_141)
FNDA:0,(anonymous_142)
FNDA:0,(anonymous_143)
FNDA:0,(anonymous_144)
FNDA:0,(anonymous_145)
FNDA:0,(anonymous_146)
FNDA:0,(anonymous_147)
FNDA:0,(anonymous_148)
FNDA:0,(anonymous_149)
FNDA:0,(anonymous_150)
FNDA:0,(anonymous_151)
FNDA:0,(anonymous_152)
FNDA:0,(anonymous_153)
FNDA:0,(anonymous_154)
FNDA:0,(anonymous_155)
FNDA:0,(anonymous_156)
FNDA:0,(anonymous_157)
FNDA:0,(anonymous_158)
FNDA:0,(anonymous_159)
FNDA:0,(anonymous_160)
FNDA:0,(anonymous_161)
FNDA:0,(anonymous_162)
FNDA:0,(anonymous_163)
FNDA:0,(anonymous_164)
FNDA:0,(anonymous_165)
FNDA:0,(anonymous_166)
FNDA:0,(anonymous_167)
FNDA:0,(anonymous_168)
FNDA:0,(anonymous_169)
FNDA:0,(anonymous_170)
FNDA:0,(anonymous_171)
FNDA:0,(anonymous_172)
FNDA:0,(anonymous_173)
FNDA:0,(anonymous_174)
FNDA:0,(anonymous_175)
FNDA:0,(anonymous_176)
FNDA:0,(anonymous_177)
FNDA:0,(anonymous_178)
FNDA:0,(anonymous_179)
FNDA:0,(anonymous_180)
FNDA:0,(anonymous_181)
FNDA:0,(anonymous_182)
FNDA:0,(anonymous_183)
FNDA:0,(anonymous_184)
DA:4,0
DA:7,0
DA:10,0
DA:13,0
DA:16,0
DA:19,0
DA:22,0
DA:25,0
DA:28,0
DA:31,0
DA:34,0
DA:37,0
DA:40,0
DA:43,0
DA:46,0
DA:49,0
DA:52,0
DA:55,0
DA:58,0
DA:61,0
DA:64,0
DA:67,0
DA:70,0
DA:73,0
DA:76,0
DA:79,0
DA:82,0
DA:85,0
DA:88,0
DA:91,0
DA:94,0
DA:97,0
DA:100,0
DA:103,0
DA:106,0
DA:109,0
DA:112,0
DA:115,0
DA:118,0
DA:121,0
DA:124,0
DA:127,0
DA:130,0
DA:133,0
DA:136,0
DA:139,0
DA:142,0
DA:145,0
DA:148,0
DA:151,0
DA:154,0
DA:157,0
DA:160,0
DA:163,0
DA:166,0
DA:169,0
DA:172,0
DA:175,0
DA:178,1
DA:181,0
DA:184,0
DA:187,0
DA:190,0
DA:193,1
DA:196,0
DA:199,0
DA:202,0
DA:205,0
DA:208,0
DA:211,0
DA:214,0
DA:217,0
DA:220,0
DA:223,0
DA:226,0
DA:229,0
DA:232,0
DA:235,0
DA:238,0
DA:241,0
DA:244,0
DA:247,0
DA:250,0
DA:253,1
DA:256,0
DA:259,0
DA:262,0
DA:265,0
DA:268,0
DA:271,0
DA:274,0
DA:277,0
DA:280,0
DA:283,0
DA:286,0
DA:289,0
DA:292,0
DA:295,0
DA:298,0
DA:301,0
DA:304,0
DA:307,0
DA:310,0
DA:313,0
DA:316,0
DA:319,0
DA:322,0
DA:325,0
DA:328,0
DA:331,0
DA:334,0
DA:337,0
DA:340,0
DA:343,0
DA:346,0
DA:349,0
DA:352,0
DA:355,0
DA:358,0
DA:361,0
DA:364,0
DA:367,0
DA:370,0
DA:373,0
DA:376,0
DA:379,0
DA:382,0
DA:385,0
DA:388,0
DA:391,0
DA:394,0
DA:397,0
DA:400,0
DA:403,0
DA:406,0
DA:409,0
DA:412,0
DA:415,0
DA:418,0
DA:421,0
DA:424,0
DA:427,0
DA:430,0
DA:433,0
DA:436,0
DA:439,0
DA:442,0
DA:445,0
DA:448,0
DA:451,0
DA:454,0
DA:457,0
DA:460,0
DA:463,0
DA:466,0
DA:469,0
DA:472,0
DA:475,0
DA:478,0
DA:481,0
DA:484,0
DA:487,0
DA:490,0
DA:493,0
DA:496,0
DA:499,0
DA:502,0
DA:505,0
DA:508,0
DA:511,0
DA:514,0
DA:517,0
DA:520,0
DA:523,0
DA:526,0
DA:529,0
DA:532,0
DA:535,0
DA:538,0
DA:541,0
DA:544,0
DA:547,0
DA:550,0
DA:553,0
DA:556,0
LF:185
LH:3
BRF:0
BRH:0
end_of_record
TN:
SF:src/async-languages/prism.js
FN:3,(anonymous_0)
FN:6,(anonymous_1)
FN:9,(anonymous_2)
FN:12,(anonymous_3)
FN:15,(anonymous_4)
FN:18,(anonymous_5)
FN:21,(anonymous_6)
FN:24,(anonymous_7)
FN:27,(anonymous_8)
FN:30,(anonymous_9)
FN:33,(anonymous_10)
FN:36,(anonymous_11)
FN:39,(anonymous_12)
FN:42,(anonymous_13)
FN:45,(anonymous_14)
FN:48,(anonymous_15)
FN:51,(anonymous_16)
FN:54,(anonymous_17)
FN:57,(anonymous_18)
FN:60,(anonymous_19)
FN:63,(anonymous_20)
FN:66,(anonymous_21)
FN:69,(anonymous_22)
FN:72,(anonymous_23)
FN:75,(anonymous_24)
FN:78,(anonymous_25)
FN:81,(anonymous_26)
FN:84,(anonymous_27)
FN:87,(anonymous_28)
FN:90,(anonymous_29)
FN:93,(anonymous_30)
FN:96,(anonymous_31)
FN:99,(anonymous_32)
FN:102,(anonymous_33)
FN:105,(anonymous_34)
FN:108,(anonymous_35)
FN:111,(anonymous_36)
FN:114,(anonymous_37)
FN:117,(anonymous_38)
FN:120,(anonymous_39)
FN:123,(anonymous_40)
FN:126,(anonymous_41)
FN:129,(anonymous_42)
FN:132,(anonymous_43)
FN:135,(anonymous_44)
FN:138,(anonymous_45)
FN:141,(anonymous_46)
FN:144,(anonymous_47)
FN:147,(anonymous_48)
FN:150,(anonymous_49)
FN:153,(anonymous_50)
FN:156,(anonymous_51)
FN:159,(anonymous_52)
FN:162,(anonymous_53)
FN:165,(anonymous_54)
FN:168,(anonymous_55)
FN:171,(anonymous_56)
FN:174,(anonymous_57)
FN:177,(anonymous_58)
FN:180,(anonymous_59)
FN:183,(anonymous_60)
FN:186,(anonymous_61)
FN:189,(anonymous_62)
FN:192,(anonymous_63)
FN:195,(anonymous_64)
FN:198,(anonymous_65)
FN:201,(anonymous_66)
FN:204,(anonymous_67)
FN:207,(anonymous_68)
FN:210,(anonymous_69)
FN:213,(anonymous_70)
FN:216,(anonymous_71)
FN:219,(anonymous_72)
FN:222,(anonymous_73)
FN:225,(anonymous_74)
FN:228,(anonymous_75)
FN:231,(anonymous_76)
FN:234,(anonymous_77)
FN:237,(anonymous_78)
FN:240,(anonymous_79)
FN:243,(anonymous_80)
FN:246,(anonymous_81)
FN:249,(anonymous_82)
FN:252,(anonymous_83)
FN:255,(anonymous_84)
FN:258,(anonymous_85)
FN:261,(anonymous_86)
FN:264,(anonymous_87)
FN:267,(anonymous_88)
FN:270,(anonymous_89)
FN:273,(anonymous_90)
FN:276,(anonymous_91)
FN:279,(anonymous_92)
FN:282,(anonymous_93)
FN:285,(anonymous_94)
FN:288,(anonymous_95)
FN:291,(anonymous_96)
FN:294,(anonymous_97)
FN:297,(anonymous_98)
FN:300,(anonymous_99)
FN:303,(anonymous_100)
FN:306,(anonymous_101)
FN:309,(anonymous_102)
FN:312,(anonymous_103)
FN:315,(anonymous_104)
FN:318,(anonymous_105)
FN:321,(anonymous_106)
FN:324,(anonymous_107)
FN:327,(anonymous_108)
FN:330,(anonymous_109)
FN:333,(anonymous_110)
FN:336,(anonymous_111)
FN:339,(anonymous_112)
FN:342,(anonymous_113)
FN:345,(anonymous_114)
FN:348,(anonymous_115)
FN:351,(anonymous_116)
FN:354,(anonymous_117)
FN:357,(anonymous_118)
FN:360,(anonymous_119)
FN:363,(anonymous_120)
FN:366,(anonymous_121)
FN:369,(anonymous_122)
FN:372,(anonymous_123)
FN:375,(anonymous_124)
FN:378,(anonymous_125)
FN:381,(anonymous_126)
FN:384,(anonymous_127)
FN:387,(anonymous_128)
FN:390,(anonymous_129)
FN:393,(anonymous_130)
FN:396,(anonymous_131)
FN:399,(anonymous_132)
FN:402,(anonymous_133)
FN:405,(anonymous_134)
FN:408,(anonymous_135)
FN:411,(anonymous_136)
FN:414,(anonymous_137)
FN:417,(anonymous_138)
FN:420,(anonymous_139)
FN:423,(anonymous_140)
FN:426,(anonymous_141)
FN:429,(anonymous_142)
FN:432,(anonymous_143)
FN:435,(anonymous_144)
FN:438,(anonymous_145)
FN:441,(anonymous_146)
FN:444,(anonymous_147)
FN:447,(anonymous_148)
FN:450,(anonymous_149)
FN:453,(anonymous_150)
FN:456,(anonymous_151)
FN:459,(anonymous_152)
FN:462,(anonymous_153)
FN:465,(anonymous_154)
FN:468,(anonymous_155)
FN:471,(anonymous_156)
FN:474,(anonymous_157)
FN:477,(anonymous_158)
FN:480,(anonymous_159)
FN:483,(anonymous_160)
FN:486,(anonymous_161)
FN:489,(anonymous_162)
FN:492,(anonymous_163)
FN:495,(anonymous_164)
FN:498,(anonymous_165)
FN:501,(anonymous_166)
FN:504,(anonymous_167)
FN:507,(anonymous_168)
FN:510,(anonymous_169)
FN:513,(anonymous_170)
FN:516,(anonymous_171)
FN:519,(anonymous_172)
FN:522,(anonymous_173)
FN:525,(anonymous_174)
FN:528,(anonymous_175)
FN:531,(anonymous_176)
FN:534,(anonymous_177)
FN:537,(anonymous_178)
FN:540,(anonymous_179)
FN:543,(anonymous_180)
FN:546,(anonymous_181)
FN:549,(anonymous_182)
FN:552,(anonymous_183)
FNF:184
FNH:4
FNDA:0,(anonymous_0)
FNDA:0,(anonymous_1)
FNDA:0,(anonymous_2)
FNDA:0,(anonymous_3)
FNDA:0,(anonymous_4)
FNDA:0,(anonymous_5)
FNDA:0,(anonymous_6)
FNDA:0,(anonymous_7)
FNDA:0,(anonymous_8)
FNDA:0,(anonymous_9)
FNDA:0,(anonymous_10)
FNDA:0,(anonymous_11)
FNDA:0,(anonymous_12)
FNDA:0,(anonymous_13)
FNDA:0,(anonymous_14)
FNDA:0,(anonymous_15)
FNDA:0,(anonymous_16)
FNDA:0,(anonymous_17)
FNDA:0,(anonymous_18)
FNDA:0,(anonymous_19)
FNDA:0,(anonymous_20)
FNDA:0,(anonymous_21)
FNDA:0,(anonymous_22)
FNDA:0,(anonymous_23)
FNDA:0,(anonymous_24)
FNDA:0,(anonymous_25)
FNDA:0,(anonymous_26)
FNDA:0,(anonymous_27)
FNDA:0,(anonymous_28)
FNDA:0,(anonymous_29)
FNDA:0,(anonymous_30)
FNDA:0,(anonymous_31)
FNDA:0,(anonymous_32)
FNDA:0,(anonymous_33)
FNDA:0,(anonymous_34)
FNDA:0,(anonymous_35)
FNDA:0,(anonymous_36)
FNDA:0,(anonymous_37)
FNDA:0,(anonymous_38)
FNDA:0,(anonymous_39)
FNDA:0,(anonymous_40)
FNDA:0,(anonymous_41)
FNDA:0,(anonymous_42)
FNDA:0,(anonymous_43)
FNDA:0,(anonymous_44)
FNDA:0,(anonymous_45)
FNDA:0,(anonymous_46)
FNDA:1,(anonymous_47)
FNDA:0,(anonymous_48)
FNDA:0,(anonymous_49)
FNDA:0,(anonymous_50)
FNDA:0,(anonymous_51)
FNDA:0,(anonymous_52)
FNDA:0,(anonymous_53)
FNDA:0,(anonymous_54)
FNDA:0,(anonymous_55)
FNDA:0,(anonymous_56)
FNDA:0,(anonymous_57)
FNDA:0,(anonymous_58)
FNDA:0,(anonymous_59)
FNDA:0,(anonymous_60)
FNDA:0,(anonymous_61)
FNDA:0,(anonymous_62)
FNDA:0,(anonymous_63)
FNDA:0,(anonymous_64)
FNDA:0,(anonymous_65)
FNDA:0,(anonymous_66)
FNDA:0,(anonymous_67)
FNDA:0,(anonymous_68)
FNDA:0,(anonymous_69)
FNDA:0,(anonymous_70)
FNDA:0,(anonymous_71)
FNDA:0,(anonymous_72)
FNDA:0,(anonymous_73)
FNDA:0,(anonymous_74)
FNDA:1,(anonymous_75)
FNDA:0,(anonymous_76)
FNDA:0,(anonymous_77)
FNDA:0,(anonymous_78)
FNDA:0,(anonymous_79)
FNDA:0,(anonymous_80)
FNDA:0,(anonymous_81)
FNDA:0,(anonymous_82)
FNDA:0,(anonymous_83)
FNDA:0,(anonymous_84)
FNDA:1,(anonymous_85)
FNDA:0,(anonymous_86)
FNDA:0,(anonymous_87)
FNDA:0,(anonymous_88)
FNDA:0,(anonymous_89)
FNDA:0,(anonymous_90)
FNDA:0,(anonymous_91)
FNDA:0,(anonymous_92)
FNDA:0,(anonymous_93)
FNDA:0,(anonymous_94)
FNDA:0,(anonymous_95)
FNDA:0,(anonymous_96)
FNDA:0,(anonymous_97)
FNDA:0,(anonymous_98)
FNDA:0,(anonymous_99)
FNDA:0,(anonymous_100)
FNDA:0,(anonymous_101)
FNDA:0,(anonymous_102)
FNDA:0,(anonymous_103)
FNDA:0,(anonymous_104)
FNDA:0,(anonymous_105)
FNDA:0,(anonymous_106)
FNDA:0,(anonymous_107)
FNDA:0,(anonymous_108)
FNDA:0,(anonymous_109)
FNDA:0,(anonymous_110)
FNDA:0,(anonymous_111)
FNDA:0,(anonymous_112)
FNDA:0,(anonymous_113)
FNDA:0,(anonymous_114)
FNDA:0,(anonymous_115)
FNDA:0,(anonymous_116)
FNDA:0,(anonymous_117)
FNDA:0,(anonymous_118)
FNDA:0,(anonymous_119)
FNDA:0,(anonymous_120)
FNDA:0,(anonymous_121)
FNDA:0,(anonymous_122)
FNDA:0,(anonymous_123)
FNDA:0,(anonymous_124)
FNDA:0,(anonymous_125)
FNDA:0,(anonymous_126)
FNDA:0,(anonymous_127)
FNDA:0,(anonymous_128)
FNDA:0,(anonymous_129)
FNDA:0,(anonymous_130)
FNDA:0,(anonymous_131)
FNDA:0,(anonymous_132)
FNDA:0,(anonymous_133)
FNDA:0,(anonymous_134)
FNDA:2,(anonymous_135)
FNDA:0,(anonymous_136)
FNDA:0,(anonymous_137)
FNDA:0,(anonymous_138)
FNDA:0,(anonymous_139)
FNDA:0,(anonymous_140)
FNDA:0,(anonymous_141)
FNDA:0,(anonymous_142)
FNDA:0,(anonymous_143)
FNDA:0,(anonymous_144)
FNDA:0,(anonymous_145)
FNDA:0,(anonymous_146)
FNDA:0,(anonymous_147)
FNDA:0,(anonymous_148)
FNDA:0,(anonymous_149)
FNDA:0,(anonymous_150)
FNDA:0,(anonymous_151)
FNDA:0,(anonymous_152)
FNDA:0,(anonymous_153)
FNDA:0,(anonymous_154)
FNDA:0,(anonymous_155)
FNDA:0,(anonymous_156)
FNDA:0,(anonymous_157)
FNDA:0,(anonymous_158)
FNDA:0,(anonymous_159)
FNDA:0,(anonymous_160)
FNDA:0,(anonymous_161)
FNDA:0,(anonymous_162)
FNDA:0,(anonymous_163)
FNDA:0,(anonymous_164)
FNDA:0,(anonymous_165)
FNDA:0,(anonymous_166)
FNDA:0,(anonymous_167)
FNDA:0,(anonymous_168)
FNDA:0,(anonymous_169)
FNDA:0,(anonymous_170)
FNDA:0,(anonymous_171)
FNDA:0,(anonymous_172)
FNDA:0,(anonymous_173)
FNDA:0,(anonymous_174)
FNDA:0,(anonymous_175)
FNDA:0,(anonymous_176)
FNDA:0,(anonymous_177)
FNDA:0,(anonymous_178)
FNDA:0,(anonymous_179)
FNDA:0,(anonymous_180)
FNDA:0,(anonymous_181)
FNDA:0,(anonymous_182)
FNDA:0,(anonymous_183)
DA:4,0
DA:7,0
DA:10,0
DA:13,0
DA:16,0
DA:19,0
DA:22,0
DA:25,0
DA:28,0
DA:31,0
DA:34,0
DA:37,0
DA:40,0
DA:43,0
DA:46,0
DA:49,0
DA:52,0
DA:55,0
DA:58,0
DA:61,0
DA:64,0
DA:67,0
DA:70,0
DA:73,0
DA:76,0
DA:79,0
DA:82,0
DA:85,0
DA:88,0
DA:91,0
DA:94,0
DA:97,0
DA:100,0
DA:103,0
DA:106,0
DA:109,0
DA:112,0
DA:115,0
DA:118,0
DA:121,0
DA:124,0
DA:127,0
DA:130,0
DA:133,0
DA:136,0
DA:139,0
DA:142,0
DA:145,1
DA:148,0
DA:151,0
DA:154,0
DA:157,0
DA:160,0
DA:163,0
DA:166,0
DA:169,0
DA:172,0
DA:175,0
DA:178,0
DA:181,0
DA:184,0
DA:187,0
DA:190,0
DA:193,0
DA:196,0
DA:199,0
DA:202,0
DA:205,0
DA:208,0
DA:211,0
DA:214,0
DA:217,0
DA:220,0
DA:223,0
DA:226,0
DA:229,1
DA:232,0
DA:235,0
DA:238,0
DA:241,0
DA:244,0
DA:247,0
DA:250,0
DA:253,0
DA:256,0
DA:259,1
DA:262,0
DA:265,0
DA:268,0
DA:271,0
DA:274,0
DA:277,0
DA:280,0
DA:283,0
DA:286,0
DA:289,0
DA:292,0
DA:295,0
DA:298,0
DA:301,0
DA:304,0
DA:307,0
DA:310,0
DA:313,0
DA:316,0
DA:319,0
DA:322,0
DA:325,0
DA:328,0
DA:331,0
DA:334,0
DA:337,0
DA:340,0
DA:343,0
DA:346,0
DA:349,0
DA:352,0
DA:355,0
DA:358,0
DA:361,0
DA:364,0
DA:367,0
DA:370,0
DA:373,0
DA:376,0
DA:379,0
DA:382,0
DA:385,0
DA:388,0
DA:391,0
DA:394,0
DA:397,0
DA:400,0
DA:403,0
DA:406,0
DA:409,2
DA:412,0
DA:415,0
DA:418,0
DA:421,0
DA:424,0
DA:427,0
DA:430,0
DA:433,0
DA:436,0
DA:439,0
DA:442,0
DA:445,0
DA:448,0
DA:451,0
DA:454,0
DA:457,0
DA:460,0
DA:463,0
DA:466,0
DA:469,0
DA:472,0
DA:475,0
DA:478,0
DA:481,0
DA:484,0
DA:487,0
DA:490,0
DA:493,0
DA:496,0
DA:499,0
DA:502,0
DA:505,0
DA:508,0
DA:511,0
DA:514,0
DA:517,0
DA:520,0
DA:523,0
DA:526,0
DA:529,0
DA:532,0
DA:535,0
DA:538,0
DA:541,0
DA:544,0
DA:547,0
DA:550,0
DA:553,0
LF:184
LH:4
BRF:0
BRH:0
end_of_record
TN:
SF:src/languages/hljs/supported-languages.js
FNF:0
FNH:0
LF:0
LH:0
BRF:0
BRH:0
end_of_record
TN:
SF:src/languages/prism/jsx.js
FNF:0
FNH:0
LF:0
LH:0
BRF:0
BRH:0
end_of_record
TN:
SF:src/languages/prism/supported-languages.js
FNF:0
FNH:0
LF:0
LH:0
BRF:0
BRH:0
end_of_record
TN:
SF:src/styles/hljs/default-style.js
FNF:0
FNH:0
LF:0
LH:0
BRF:0
BRH:0
end_of_record
TN:
SF:src/styles/prism/prism.js
FNF:0
FNH:0
LF:0
LH:0
BRF:0
BRH:0
end_of_record
